2018-5ì›”-11 17:07:44 ì˜¤í›„ [main] INFO  com.jwlee.spring.PackageManagerApiApplication - Starting PackageManagerApiApplication on jwlee-PC with PID 28588 (C:\Users\lee\Documents\workspace-sts-3.9.2.RELEASE\packageManager-API\target\classes started by lee in C:\Users\lee\Documents\workspace-sts-3.9.2.RELEASE\packageManager-API)
2018-5ì›”-11 17:07:44 ì˜¤í›„ [main] DEBUG com.jwlee.spring.PackageManagerApiApplication - Running with Spring Boot v2.0.2.RELEASE, Spring v5.0.6.RELEASE
2018-5ì›”-11 17:07:44 ì˜¤í›„ [main] INFO  com.jwlee.spring.PackageManagerApiApplication - No active profile set, falling back to default profiles: default
2018-5ì›”-11 17:07:46 ì˜¤í›„ [main] INFO  com.jwlee.spring.PackageManagerApiApplication - Started PackageManagerApiApplication in 1.315 seconds (JVM running for 1.912)
2018-5¿ù-11 17:08:27 ¿ÀÈÄ [main] INFO  com.jwlee.spring.PackageManagerApiApplicationTests - Starting PackageManagerApiApplicationTests on jwlee-PC with PID 33296 (started by lee in C:\Users\lee\Documents\workspace-sts-3.9.2.RELEASE\packageManager-API)
2018-5¿ù-11 17:08:27 ¿ÀÈÄ [main] DEBUG com.jwlee.spring.PackageManagerApiApplicationTests - Running with Spring Boot v2.0.2.RELEASE, Spring v5.0.6.RELEASE
2018-5¿ù-11 17:08:27 ¿ÀÈÄ [main] INFO  com.jwlee.spring.PackageManagerApiApplicationTests - No active profile set, falling back to default profiles: default
2018-5¿ù-11 17:08:29 ¿ÀÈÄ [main] INFO  com.jwlee.spring.PackageManagerApiApplicationTests - Started PackageManagerApiApplicationTests in 1.793 seconds (JVM running for 2.784)
2018-5ì›”-11 17:09:49 ì˜¤í›„ [main] INFO  com.jwlee.spring.PackageManagerApiApplication - Starting PackageManagerApiApplication on jwlee-PC with PID 36768 (C:\Users\lee\Documents\workspace-sts-3.9.2.RELEASE\packageManager-API\target\classes started by lee in C:\Users\lee\Documents\workspace-sts-3.9.2.RELEASE\packageManager-API)
2018-5ì›”-11 17:09:49 ì˜¤í›„ [main] DEBUG com.jwlee.spring.PackageManagerApiApplication - Running with Spring Boot v2.0.2.RELEASE, Spring v5.0.6.RELEASE
2018-5ì›”-11 17:09:49 ì˜¤í›„ [main] INFO  com.jwlee.spring.PackageManagerApiApplication - No active profile set, falling back to default profiles: default
2018-5ì›”-11 17:09:50 ì˜¤í›„ [main] INFO  com.jwlee.spring.PackageManagerApiApplication - Started PackageManagerApiApplication in 1.268 seconds (JVM running for 1.861)
2018-5¿ù-11 17:14:36 ¿ÀÈÄ [main] INFO  com.jwlee.spring.PackageManagerApiApplicationTests - Starting PackageManagerApiApplicationTests on jwlee-PC with PID 32972 (started by lee in C:\Users\lee\Documents\workspace-sts-3.9.2.RELEASE\packageManager-API)
2018-5¿ù-11 17:14:36 ¿ÀÈÄ [main] DEBUG com.jwlee.spring.PackageManagerApiApplicationTests - Running with Spring Boot v2.0.2.RELEASE, Spring v5.0.6.RELEASE
2018-5¿ù-11 17:14:36 ¿ÀÈÄ [main] INFO  com.jwlee.spring.PackageManagerApiApplicationTests - No active profile set, falling back to default profiles: default
2018-5¿ù-11 17:14:38 ¿ÀÈÄ [main] INFO  com.jwlee.spring.PackageManagerApiApplicationTests - Started PackageManagerApiApplicationTests in 1.664 seconds (JVM running for 2.577)
2018-5ì›”-11 17:19:41 ì˜¤í›„ [main] INFO  com.jwlee.spring.PackageManagerApiApplication - Starting PackageManagerApiApplication on jwlee-PC with PID 43972 (C:\Users\lee\Documents\workspace-sts-3.9.2.RELEASE\packageManager-API\target\classes started by lee in C:\Users\lee\Documents\workspace-sts-3.9.2.RELEASE\packageManager-API)
2018-5ì›”-11 17:19:41 ì˜¤í›„ [main] DEBUG com.jwlee.spring.PackageManagerApiApplication - Running with Spring Boot v2.0.2.RELEASE, Spring v5.0.6.RELEASE
2018-5ì›”-11 17:19:41 ì˜¤í›„ [main] INFO  com.jwlee.spring.PackageManagerApiApplication - No active profile set, falling back to default profiles: default
2018-5ì›”-11 17:19:42 ì˜¤í›„ [main] INFO  com.jwlee.spring.PackageManagerApiApplication - Started PackageManagerApiApplication in 1.269 seconds (JVM running for 1.863)
2018-5ì›”-11 17:19:49 ì˜¤í›„ [http-nio-9010-exec-1] INFO  com.jwlee.spring.service.Impl.FileServiceImpl - ì‹¤ì œ íŒŒì¼ ì´ë¦„ : wpaconfig.zip
2018-5ì›”-14 09:35:47 ì˜¤ì „ [main] INFO  com.jwlee.spring.PackageManagerApiApplication - Starting PackageManagerApiApplication on jwlee-PC with PID 21956 (C:\Users\lee\Documents\workspace-sts-3.9.2.RELEASE\packageManager-API\target\classes started by lee in C:\Users\lee\Documents\workspace-sts-3.9.2.RELEASE\packageManager-API)
2018-5ì›”-14 09:35:47 ì˜¤ì „ [main] DEBUG com.jwlee.spring.PackageManagerApiApplication - Running with Spring Boot v2.0.2.RELEASE, Spring v5.0.6.RELEASE
2018-5ì›”-14 09:35:47 ì˜¤ì „ [main] INFO  com.jwlee.spring.PackageManagerApiApplication - No active profile set, falling back to default profiles: default
2018-5ì›”-14 09:35:49 ì˜¤ì „ [main] INFO  com.jwlee.spring.PackageManagerApiApplication - Started PackageManagerApiApplication in 1.358 seconds (JVM running for 2.438)
2018-5¿ù-14 10:41:55 ¿ÀÀü [main] INFO  com.jwlee.spring.PackageManagerApiApplicationTests - Starting PackageManagerApiApplicationTests on jwlee-PC with PID 35360 (started by lee in C:\Users\lee\Documents\workspace-sts-3.9.2.RELEASE\packageManager-API)
2018-5¿ù-14 10:41:55 ¿ÀÀü [main] DEBUG com.jwlee.spring.PackageManagerApiApplicationTests - Running with Spring Boot v2.0.2.RELEASE, Spring v5.0.6.RELEASE
2018-5¿ù-14 10:41:55 ¿ÀÀü [main] INFO  com.jwlee.spring.PackageManagerApiApplicationTests - No active profile set, falling back to default profiles: default
2018-5¿ù-14 10:41:56 ¿ÀÀü [main] INFO  com.jwlee.spring.PackageManagerApiApplicationTests - Started PackageManagerApiApplicationTests in 1.615 seconds (JVM running for 2.478)
2018-5¿ù-14 11:21:40 ¿ÀÀü [main] INFO  com.jwlee.spring.PackageManagerApiApplicationTests - Starting PackageManagerApiApplicationTests on jwlee-PC with PID 12820 (started by lee in C:\Users\lee\Documents\workspace-sts-3.9.2.RELEASE\packageManager-API)
2018-5¿ù-14 11:21:40 ¿ÀÀü [main] DEBUG com.jwlee.spring.PackageManagerApiApplicationTests - Running with Spring Boot v2.0.2.RELEASE, Spring v5.0.6.RELEASE
2018-5¿ù-14 11:21:40 ¿ÀÀü [main] INFO  com.jwlee.spring.PackageManagerApiApplicationTests - No active profile set, falling back to default profiles: default
2018-5¿ù-14 11:21:42 ¿ÀÀü [main] INFO  com.jwlee.spring.PackageManagerApiApplicationTests - Started PackageManagerApiApplicationTests in 1.597 seconds (JVM running for 2.404)
2018-5¿ù-14 11:52:09 ¿ÀÀü [main] INFO  com.jwlee.spring.PackageManagerApiApplicationTests - Starting PackageManagerApiApplicationTests on jwlee-PC with PID 33908 (started by lee in C:\Users\lee\Documents\workspace-sts-3.9.2.RELEASE\packageManager-API)
2018-5¿ù-14 11:52:09 ¿ÀÀü [main] DEBUG com.jwlee.spring.PackageManagerApiApplicationTests - Running with Spring Boot v2.0.2.RELEASE, Spring v5.0.6.RELEASE
2018-5¿ù-14 11:52:09 ¿ÀÀü [main] INFO  com.jwlee.spring.PackageManagerApiApplicationTests - No active profile set, falling back to default profiles: default
2018-5¿ù-14 11:52:10 ¿ÀÀü [main] INFO  com.jwlee.spring.PackageManagerApiApplicationTests - Started PackageManagerApiApplicationTests in 1.639 seconds (JVM running for 2.463)
2018-5¿ù-14 13:53:13 ¿ÀÈÄ [main] INFO  com.jwlee.spring.PackageManagerApiApplicationTests - Starting PackageManagerApiApplicationTests on jwlee-PC with PID 24852 (started by lee in C:\Users\lee\Documents\workspace-sts-3.9.2.RELEASE\packageManager-API)
2018-5¿ù-14 13:53:13 ¿ÀÈÄ [main] DEBUG com.jwlee.spring.PackageManagerApiApplicationTests - Running with Spring Boot v2.0.2.RELEASE, Spring v5.0.6.RELEASE
2018-5¿ù-14 13:53:13 ¿ÀÈÄ [main] INFO  com.jwlee.spring.PackageManagerApiApplicationTests - No active profile set, falling back to default profiles: default
2018-5¿ù-14 13:53:15 ¿ÀÈÄ [main] INFO  com.jwlee.spring.PackageManagerApiApplicationTests - Started PackageManagerApiApplicationTests in 1.548 seconds (JVM running for 2.503)
2018-5¿ù-14 14:27:41 ¿ÀÈÄ [main] INFO  com.jwlee.spring.PackageManagerApiApplicationTests - Starting PackageManagerApiApplicationTests on jwlee-PC with PID 34856 (started by lee in C:\Users\lee\Documents\workspace-sts-3.9.2.RELEASE\packageManager-API)
2018-5¿ù-14 14:27:41 ¿ÀÈÄ [main] DEBUG com.jwlee.spring.PackageManagerApiApplicationTests - Running with Spring Boot v2.0.2.RELEASE, Spring v5.0.6.RELEASE
2018-5¿ù-14 14:27:41 ¿ÀÈÄ [main] INFO  com.jwlee.spring.PackageManagerApiApplicationTests - No active profile set, falling back to default profiles: default
2018-5¿ù-14 14:27:43 ¿ÀÈÄ [main] INFO  com.jwlee.spring.PackageManagerApiApplicationTests - Started PackageManagerApiApplicationTests in 1.594 seconds (JVM running for 2.442)
2018-5ì›”-14 16:32:21 ì˜¤í›„ [main] INFO  com.jwlee.spring.PackageManagerApiApplication - Starting PackageManagerApiApplication on jwlee-PC with PID 78368 (C:\Users\lee\Documents\workspace-sts-3.9.2.RELEASE\packageManager-API\target\classes started by lee in C:\Users\lee\Documents\workspace-sts-3.9.2.RELEASE\packageManager-API)
2018-5ì›”-14 16:32:21 ì˜¤í›„ [main] DEBUG com.jwlee.spring.PackageManagerApiApplication - Running with Spring Boot v2.0.2.RELEASE, Spring v5.0.6.RELEASE
2018-5ì›”-14 16:32:21 ì˜¤í›„ [main] INFO  com.jwlee.spring.PackageManagerApiApplication - No active profile set, falling back to default profiles: default
2018-5ì›”-14 16:32:22 ì˜¤í›„ [main] INFO  com.jwlee.spring.PackageManagerApiApplication - Started PackageManagerApiApplication in 1.343 seconds (JVM running for 2.302)
2018-5ì›”-14 16:32:52 ì˜¤í›„ [main] INFO  com.jwlee.spring.PackageManagerApiApplication - Starting PackageManagerApiApplication on jwlee-PC with PID 78508 (C:\Users\lee\Documents\workspace-sts-3.9.2.RELEASE\packageManager-API\target\classes started by lee in C:\Users\lee\Documents\workspace-sts-3.9.2.RELEASE\packageManager-API)
2018-5ì›”-14 16:32:52 ì˜¤í›„ [main] DEBUG com.jwlee.spring.PackageManagerApiApplication - Running with Spring Boot v2.0.2.RELEASE, Spring v5.0.6.RELEASE
2018-5ì›”-14 16:32:52 ì˜¤í›„ [main] INFO  com.jwlee.spring.PackageManagerApiApplication - No active profile set, falling back to default profiles: default
2018-5ì›”-14 16:32:54 ì˜¤í›„ [main] INFO  com.jwlee.spring.PackageManagerApiApplication - Started PackageManagerApiApplication in 1.582 seconds (JVM running for 2.631)
2018-5ì›”-14 16:33:15 ì˜¤í›„ [http-nio-9010-exec-2] INFO  com.jwlee.spring.service.Impl.FileServiceImpl - íŒŒì¼ì´ ì—†ìŠµë‹ˆë‹¤.
2018-5ì›”-14 16:33:15 ì˜¤í›„ [http-nio-9010-exec-2] INFO  com.jwlee.spring.service.Impl.FileServiceImpl - ERROR : null
2018-5ì›”-15 10:23:56 ì˜¤ì „ [main] INFO  com.jwlee.spring.PackageManagerApiApplication - Starting PackageManagerApiApplication on jwlee-PC with PID 41072 (C:\Users\lee\Documents\workspace-sts-3.9.2.RELEASE\packageManager-API\target\classes started by lee in C:\Users\lee\Documents\workspace-sts-3.9.2.RELEASE\packageManager-API)
2018-5ì›”-15 10:23:56 ì˜¤ì „ [main] DEBUG com.jwlee.spring.PackageManagerApiApplication - Running with Spring Boot v2.0.2.RELEASE, Spring v5.0.6.RELEASE
2018-5ì›”-15 10:23:56 ì˜¤ì „ [main] INFO  com.jwlee.spring.PackageManagerApiApplication - No active profile set, falling back to default profiles: default
2018-5ì›”-15 10:23:58 ì˜¤ì „ [main] INFO  com.jwlee.spring.PackageManagerApiApplication - Started PackageManagerApiApplication in 1.379 seconds (JVM running for 2.082)
2018-5ì›”-15 10:24:40 ì˜¤ì „ [http-nio-9010-exec-1] INFO  com.jwlee.spring.service.Impl.FileServiceImpl - auth.zip
2018-5ì›”-15 10:24:40 ì˜¤ì „ [http-nio-9010-exec-1] INFO  com.jwlee.spring.service.Impl.FileServiceImpl - theme.zip
2018-5ì›”-15 10:24:40 ì˜¤ì „ [http-nio-9010-exec-1] INFO  com.jwlee.spring.service.Impl.FileServiceImpl - wpaconfig.zip
2018-5ì›”-15 10:24:49 ì˜¤ì „ [http-nio-9010-exec-2] INFO  com.jwlee.spring.service.Impl.FileServiceImpl - ì‹¤ì œ íŒŒì¼ ì´ë¦„ : auth.zip
2018-5ì›”-15 10:24:49 ì˜¤ì „ [http-nio-9010-exec-2] INFO  com.jwlee.spring.service.Impl.FileServiceImpl - MD5Code : 69a53fda72e35542e90706ed540bc620
2018-5ì›”-15 10:24:49 ì˜¤ì „ [http-nio-9010-exec-2] INFO  com.jwlee.spring.service.Impl.FileServiceImpl - MD5 ì €ì¥ ì™„ë£Œ
2018-5ì›”-15 10:26:20 ì˜¤ì „ [http-nio-9010-exec-3] INFO  com.jwlee.spring.service.Impl.FileServiceImpl - ì‹¤ì œ íŒŒì¼ ì´ë¦„ : networking.zip
2018-5ì›”-15 10:26:20 ì˜¤ì „ [http-nio-9010-exec-3] INFO  com.jwlee.spring.service.Impl.FileServiceImpl - MD5Code : be507ac660c40351deeb7165996479a3
2018-5ì›”-15 10:26:20 ì˜¤ì „ [http-nio-9010-exec-3] INFO  com.jwlee.spring.service.Impl.FileServiceImpl - MD5 ì €ì¥ ì™„ë£Œ
2018-5ì›”-15 10:26:30 ì˜¤ì „ [http-nio-9010-exec-4] INFO  com.jwlee.spring.service.Impl.FileServiceImpl - ì‹¤ì œ íŒŒì¼ ì´ë¦„ : theme.zip
2018-5ì›”-15 10:26:30 ì˜¤ì „ [http-nio-9010-exec-4] INFO  com.jwlee.spring.service.Impl.FileServiceImpl - MD5Code : c77e04e583c5beb2ec8881f4cd247014
2018-5ì›”-15 10:26:30 ì˜¤ì „ [http-nio-9010-exec-4] INFO  com.jwlee.spring.service.Impl.FileServiceImpl - MD5 ì €ì¥ ì™„ë£Œ
2018-5ì›”-15 10:26:40 ì˜¤ì „ [http-nio-9010-exec-5] INFO  com.jwlee.spring.service.Impl.FileServiceImpl - ì‹¤ì œ íŒŒì¼ ì´ë¦„ : wpaconfig.zip
2018-5ì›”-15 10:26:40 ì˜¤ì „ [http-nio-9010-exec-5] INFO  com.jwlee.spring.service.Impl.FileServiceImpl - MD5Code : 5975a88120e5007fd7fa12aae8e89a34
2018-5ì›”-15 10:26:40 ì˜¤ì „ [http-nio-9010-exec-5] INFO  com.jwlee.spring.service.Impl.FileServiceImpl - MD5 ì €ì¥ ì™„ë£Œ
2018-5ì›”-15 10:40:00 ì˜¤ì „ [main] INFO  com.jwlee.spring.PackageManagerApiApplication - Starting PackageManagerApiApplication on jwlee-PC with PID 30308 (C:\Users\lee\Documents\workspace-sts-3.9.2.RELEASE\packageManager-API\target\classes started by lee in C:\Users\lee\Documents\workspace-sts-3.9.2.RELEASE\packageManager-API)
2018-5ì›”-15 10:40:00 ì˜¤ì „ [main] DEBUG com.jwlee.spring.PackageManagerApiApplication - Running with Spring Boot v2.0.2.RELEASE, Spring v5.0.6.RELEASE
2018-5ì›”-15 10:40:00 ì˜¤ì „ [main] INFO  com.jwlee.spring.PackageManagerApiApplication - No active profile set, falling back to default profiles: default
2018-5ì›”-15 10:40:01 ì˜¤ì „ [main] ERROR org.springframework.boot.diagnostics.LoggingFailureAnalysisReporter - 

***************************
APPLICATION FAILED TO START
***************************

Description:

Failed to configure a DataSource: 'url' attribute is not specified and no embedded datasource could be configured.

Reason: Failed to determine a suitable driver class


Action:

Consider the following:
	If you want an embedded database (H2, HSQL or Derby), please put it on the classpath.
	If you have database settings to be loaded from a particular profile you may need to activate it (no profiles are currently active).

2018-5ì›”-15 10:40:54 ì˜¤ì „ [main] INFO  com.jwlee.spring.PackageManagerApiApplication - Starting PackageManagerApiApplication on jwlee-PC with PID 40096 (C:\Users\lee\Documents\workspace-sts-3.9.2.RELEASE\packageManager-API\target\classes started by lee in C:\Users\lee\Documents\workspace-sts-3.9.2.RELEASE\packageManager-API)
2018-5ì›”-15 10:40:54 ì˜¤ì „ [main] DEBUG com.jwlee.spring.PackageManagerApiApplication - Running with Spring Boot v2.0.2.RELEASE, Spring v5.0.6.RELEASE
2018-5ì›”-15 10:40:54 ì˜¤ì „ [main] INFO  com.jwlee.spring.PackageManagerApiApplication - No active profile set, falling back to default profiles: default
2018-5ì›”-15 10:40:56 ì˜¤ì „ [main] INFO  com.jwlee.spring.PackageManagerApiApplication - Started PackageManagerApiApplication in 2.088 seconds (JVM running for 2.698)
2018-5ì›”-15 10:41:45 ì˜¤ì „ [http-nio-9010-exec-2] INFO  com.jwlee.spring.service.Impl.FileServiceImpl - ì‹¤ì œ íŒŒì¼ ì´ë¦„ : theme.zip
2018-5ì›”-15 10:41:45 ì˜¤ì „ [http-nio-9010-exec-2] INFO  com.jwlee.spring.service.Impl.FileServiceImpl - MD5Code : c77e04e583c5beb2ec8881f4cd247014
2018-5ì›”-15 10:41:45 ì˜¤ì „ [http-nio-9010-exec-2] INFO  com.jwlee.spring.service.Impl.FileServiceImpl - MD5 ì €ì¥ ì™„ë£Œ
2018-5ì›”-15 10:42:11 ì˜¤ì „ [http-nio-9010-exec-3] INFO  com.jwlee.spring.service.Impl.FileServiceImpl - auth.md5
2018-5ì›”-15 10:42:11 ì˜¤ì „ [http-nio-9010-exec-3] INFO  com.jwlee.spring.service.Impl.FileServiceImpl - auth.zip
2018-5ì›”-15 10:42:11 ì˜¤ì „ [http-nio-9010-exec-3] INFO  com.jwlee.spring.service.Impl.FileServiceImpl - networking.md5
2018-5ì›”-15 10:42:11 ì˜¤ì „ [http-nio-9010-exec-3] INFO  com.jwlee.spring.service.Impl.FileServiceImpl - networking.zip
2018-5ì›”-15 10:42:11 ì˜¤ì „ [http-nio-9010-exec-3] INFO  com.jwlee.spring.service.Impl.FileServiceImpl - theme.md5
2018-5ì›”-15 10:42:11 ì˜¤ì „ [http-nio-9010-exec-3] INFO  com.jwlee.spring.service.Impl.FileServiceImpl - theme.zip
2018-5ì›”-15 10:42:11 ì˜¤ì „ [http-nio-9010-exec-3] INFO  com.jwlee.spring.service.Impl.FileServiceImpl - wpaconfig.md5
2018-5ì›”-15 10:42:11 ì˜¤ì „ [http-nio-9010-exec-3] INFO  com.jwlee.spring.service.Impl.FileServiceImpl - wpaconfig.zip
2018-5ì›”-15 11:00:27 ì˜¤ì „ [main] INFO  com.jwlee.spring.PackageManagerApiApplication - Starting PackageManagerApiApplication on jwlee-PC with PID 37992 (C:\Users\lee\Documents\workspace-sts-3.9.2.RELEASE\packageManager-API\target\classes started by lee in C:\Users\lee\Documents\workspace-sts-3.9.2.RELEASE\packageManager-API)
2018-5ì›”-15 11:00:27 ì˜¤ì „ [main] DEBUG com.jwlee.spring.PackageManagerApiApplication - Running with Spring Boot v2.0.2.RELEASE, Spring v5.0.6.RELEASE
2018-5ì›”-15 11:00:27 ì˜¤ì „ [main] INFO  com.jwlee.spring.PackageManagerApiApplication - No active profile set, falling back to default profiles: default
2018-5ì›”-15 11:00:29 ì˜¤ì „ [main] INFO  com.jwlee.spring.PackageManagerApiApplication - Started PackageManagerApiApplication in 2.38 seconds (JVM running for 3.024)
2018-5ì›”-15 11:00:40 ì˜¤ì „ [http-nio-9010-exec-1] INFO  com.jwlee.spring.service.Impl.FileServiceImpl - ì‹¤ì œ íŒŒì¼ ì´ë¦„ : networking.zip
2018-5ì›”-15 11:00:40 ì˜¤ì „ [http-nio-9010-exec-1] INFO  com.jwlee.spring.service.Impl.FileServiceImpl - MD5Code : be507ac660c40351deeb7165996479a3
2018-5ì›”-15 11:00:40 ì˜¤ì „ [http-nio-9010-exec-1] INFO  com.jwlee.spring.service.Impl.FileServiceImpl - MD5 ì €ì¥ ì™„ë£Œ
2018-5ì›”-15 13:31:27 ì˜¤í›„ [http-nio-9010-exec-2] INFO  com.jwlee.spring.service.Impl.FileServiceImpl - auth.md5
2018-5ì›”-15 13:31:27 ì˜¤í›„ [http-nio-9010-exec-2] INFO  com.jwlee.spring.service.Impl.FileServiceImpl - auth.zip
2018-5ì›”-15 13:31:27 ì˜¤í›„ [http-nio-9010-exec-2] INFO  com.jwlee.spring.service.Impl.FileServiceImpl - networking.md5
2018-5ì›”-15 13:31:27 ì˜¤í›„ [http-nio-9010-exec-2] INFO  com.jwlee.spring.service.Impl.FileServiceImpl - networking.zip
2018-5ì›”-15 13:31:27 ì˜¤í›„ [http-nio-9010-exec-2] INFO  com.jwlee.spring.service.Impl.FileServiceImpl - theme.md5
2018-5ì›”-15 13:31:27 ì˜¤í›„ [http-nio-9010-exec-2] INFO  com.jwlee.spring.service.Impl.FileServiceImpl - theme.zip
2018-5ì›”-15 13:31:27 ì˜¤í›„ [http-nio-9010-exec-2] INFO  com.jwlee.spring.service.Impl.FileServiceImpl - wpaconfig.md5
2018-5ì›”-15 13:31:27 ì˜¤í›„ [http-nio-9010-exec-2] INFO  com.jwlee.spring.service.Impl.FileServiceImpl - wpaconfig.zip
2018-5ì›”-15 13:31:49 ì˜¤í›„ [http-nio-9010-exec-3] INFO  com.jwlee.spring.service.Impl.FileServiceImpl - auth.md5
2018-5ì›”-15 13:31:49 ì˜¤í›„ [http-nio-9010-exec-3] INFO  com.jwlee.spring.service.Impl.FileServiceImpl - auth.zip
2018-5ì›”-15 13:31:49 ì˜¤í›„ [http-nio-9010-exec-3] INFO  com.jwlee.spring.service.Impl.FileServiceImpl - networking.md5
2018-5ì›”-15 13:31:49 ì˜¤í›„ [http-nio-9010-exec-3] INFO  com.jwlee.spring.service.Impl.FileServiceImpl - networking.zip
2018-5ì›”-15 13:31:49 ì˜¤í›„ [http-nio-9010-exec-3] INFO  com.jwlee.spring.service.Impl.FileServiceImpl - theme.md5
2018-5ì›”-15 13:31:49 ì˜¤í›„ [http-nio-9010-exec-3] INFO  com.jwlee.spring.service.Impl.FileServiceImpl - theme.zip
2018-5ì›”-15 13:31:49 ì˜¤í›„ [http-nio-9010-exec-3] INFO  com.jwlee.spring.service.Impl.FileServiceImpl - wpaconfig.md5
2018-5ì›”-15 13:31:49 ì˜¤í›„ [http-nio-9010-exec-3] INFO  com.jwlee.spring.service.Impl.FileServiceImpl - wpaconfig.zip
2018-5ì›”-15 13:32:00 ì˜¤í›„ [http-nio-9010-exec-4] INFO  com.jwlee.spring.service.Impl.FileServiceImpl - auth.md5
2018-5ì›”-15 13:32:00 ì˜¤í›„ [http-nio-9010-exec-4] INFO  com.jwlee.spring.service.Impl.FileServiceImpl - auth.zip
2018-5ì›”-15 13:32:00 ì˜¤í›„ [http-nio-9010-exec-4] INFO  com.jwlee.spring.service.Impl.FileServiceImpl - networking.md5
2018-5ì›”-15 13:32:00 ì˜¤í›„ [http-nio-9010-exec-4] INFO  com.jwlee.spring.service.Impl.FileServiceImpl - networking.zip
2018-5ì›”-15 13:32:00 ì˜¤í›„ [http-nio-9010-exec-4] INFO  com.jwlee.spring.service.Impl.FileServiceImpl - theme.md5
2018-5ì›”-15 13:32:00 ì˜¤í›„ [http-nio-9010-exec-4] INFO  com.jwlee.spring.service.Impl.FileServiceImpl - theme.zip
2018-5ì›”-15 13:32:00 ì˜¤í›„ [http-nio-9010-exec-4] INFO  com.jwlee.spring.service.Impl.FileServiceImpl - wpaconfig.md5
2018-5ì›”-15 13:32:00 ì˜¤í›„ [http-nio-9010-exec-4] INFO  com.jwlee.spring.service.Impl.FileServiceImpl - wpaconfig.zip
2018-5ì›”-15 13:38:17 ì˜¤í›„ [http-nio-9010-exec-5] INFO  com.jwlee.spring.service.Impl.FileServiceImpl - auth.md5
2018-5ì›”-15 13:38:17 ì˜¤í›„ [http-nio-9010-exec-5] INFO  com.jwlee.spring.service.Impl.FileServiceImpl - auth.zip
2018-5ì›”-15 13:38:17 ì˜¤í›„ [http-nio-9010-exec-5] INFO  com.jwlee.spring.service.Impl.FileServiceImpl - networking.md5
2018-5ì›”-15 13:38:17 ì˜¤í›„ [http-nio-9010-exec-5] INFO  com.jwlee.spring.service.Impl.FileServiceImpl - networking.zip
2018-5ì›”-15 13:38:17 ì˜¤í›„ [http-nio-9010-exec-5] INFO  com.jwlee.spring.service.Impl.FileServiceImpl - theme.md5
2018-5ì›”-15 13:38:17 ì˜¤í›„ [http-nio-9010-exec-5] INFO  com.jwlee.spring.service.Impl.FileServiceImpl - theme.zip
2018-5ì›”-15 13:38:17 ì˜¤í›„ [http-nio-9010-exec-5] INFO  com.jwlee.spring.service.Impl.FileServiceImpl - wpaconfig.md5
2018-5ì›”-15 13:38:17 ì˜¤í›„ [http-nio-9010-exec-5] INFO  com.jwlee.spring.service.Impl.FileServiceImpl - wpaconfig.zip
2018-5ì›”-15 13:38:29 ì˜¤í›„ [http-nio-9010-exec-6] INFO  com.jwlee.spring.service.Impl.FileServiceImpl - auth.md5
2018-5ì›”-15 13:38:29 ì˜¤í›„ [http-nio-9010-exec-6] INFO  com.jwlee.spring.service.Impl.FileServiceImpl - auth.zip
2018-5ì›”-15 13:38:29 ì˜¤í›„ [http-nio-9010-exec-6] INFO  com.jwlee.spring.service.Impl.FileServiceImpl - networking.md5
2018-5ì›”-15 13:38:29 ì˜¤í›„ [http-nio-9010-exec-6] INFO  com.jwlee.spring.service.Impl.FileServiceImpl - networking.zip
2018-5ì›”-15 13:38:29 ì˜¤í›„ [http-nio-9010-exec-6] INFO  com.jwlee.spring.service.Impl.FileServiceImpl - theme.md5
2018-5ì›”-15 13:38:29 ì˜¤í›„ [http-nio-9010-exec-6] INFO  com.jwlee.spring.service.Impl.FileServiceImpl - theme.zip
2018-5ì›”-15 13:38:29 ì˜¤í›„ [http-nio-9010-exec-6] INFO  com.jwlee.spring.service.Impl.FileServiceImpl - wpaconfig.md5
2018-5ì›”-15 13:38:29 ì˜¤í›„ [http-nio-9010-exec-6] INFO  com.jwlee.spring.service.Impl.FileServiceImpl - wpaconfig.zip
2018-5ì›”-15 13:42:43 ì˜¤í›„ [http-nio-9010-exec-7] INFO  com.jwlee.spring.service.Impl.FileServiceImpl - auth.md5
2018-5ì›”-15 13:42:43 ì˜¤í›„ [http-nio-9010-exec-7] INFO  com.jwlee.spring.service.Impl.FileServiceImpl - auth.zip
2018-5ì›”-15 13:42:43 ì˜¤í›„ [http-nio-9010-exec-7] INFO  com.jwlee.spring.service.Impl.FileServiceImpl - networking.md5
2018-5ì›”-15 13:42:43 ì˜¤í›„ [http-nio-9010-exec-7] INFO  com.jwlee.spring.service.Impl.FileServiceImpl - networking.zip
2018-5ì›”-15 13:42:43 ì˜¤í›„ [http-nio-9010-exec-7] INFO  com.jwlee.spring.service.Impl.FileServiceImpl - theme.md5
2018-5ì›”-15 13:42:43 ì˜¤í›„ [http-nio-9010-exec-7] INFO  com.jwlee.spring.service.Impl.FileServiceImpl - theme.zip
2018-5ì›”-15 13:42:43 ì˜¤í›„ [http-nio-9010-exec-7] INFO  com.jwlee.spring.service.Impl.FileServiceImpl - wpaconfig.md5
2018-5ì›”-15 13:42:43 ì˜¤í›„ [http-nio-9010-exec-7] INFO  com.jwlee.spring.service.Impl.FileServiceImpl - wpaconfig.zip
2018-5ì›”-15 14:03:51 ì˜¤í›„ [http-nio-9010-exec-8] INFO  com.jwlee.spring.service.Impl.FileServiceImpl - auth.md5
2018-5ì›”-15 14:03:51 ì˜¤í›„ [http-nio-9010-exec-8] INFO  com.jwlee.spring.service.Impl.FileServiceImpl - auth.zip
2018-5ì›”-15 14:03:51 ì˜¤í›„ [http-nio-9010-exec-8] INFO  com.jwlee.spring.service.Impl.FileServiceImpl - networking.md5
2018-5ì›”-15 14:03:51 ì˜¤í›„ [http-nio-9010-exec-8] INFO  com.jwlee.spring.service.Impl.FileServiceImpl - networking.zip
2018-5ì›”-15 14:03:51 ì˜¤í›„ [http-nio-9010-exec-8] INFO  com.jwlee.spring.service.Impl.FileServiceImpl - theme.md5
2018-5ì›”-15 14:03:51 ì˜¤í›„ [http-nio-9010-exec-8] INFO  com.jwlee.spring.service.Impl.FileServiceImpl - theme.zip
2018-5ì›”-15 14:03:51 ì˜¤í›„ [http-nio-9010-exec-8] INFO  com.jwlee.spring.service.Impl.FileServiceImpl - wpaconfig.md5
2018-5ì›”-15 14:03:51 ì˜¤í›„ [http-nio-9010-exec-8] INFO  com.jwlee.spring.service.Impl.FileServiceImpl - wpaconfig.zip
2018-5ì›”-15 14:04:01 ì˜¤í›„ [http-nio-9010-exec-9] INFO  com.jwlee.spring.service.Impl.FileServiceImpl - auth.md5
2018-5ì›”-15 14:04:01 ì˜¤í›„ [http-nio-9010-exec-9] INFO  com.jwlee.spring.service.Impl.FileServiceImpl - auth.zip
2018-5ì›”-15 14:04:01 ì˜¤í›„ [http-nio-9010-exec-9] INFO  com.jwlee.spring.service.Impl.FileServiceImpl - networking.md5
2018-5ì›”-15 14:04:01 ì˜¤í›„ [http-nio-9010-exec-9] INFO  com.jwlee.spring.service.Impl.FileServiceImpl - networking.zip
2018-5ì›”-15 14:04:01 ì˜¤í›„ [http-nio-9010-exec-9] INFO  com.jwlee.spring.service.Impl.FileServiceImpl - theme.md5
2018-5ì›”-15 14:04:01 ì˜¤í›„ [http-nio-9010-exec-9] INFO  com.jwlee.spring.service.Impl.FileServiceImpl - theme.zip
2018-5ì›”-15 14:04:01 ì˜¤í›„ [http-nio-9010-exec-9] INFO  com.jwlee.spring.service.Impl.FileServiceImpl - wpaconfig.md5
2018-5ì›”-15 14:04:01 ì˜¤í›„ [http-nio-9010-exec-9] INFO  com.jwlee.spring.service.Impl.FileServiceImpl - wpaconfig.zip
2018-5ì›”-15 14:16:06 ì˜¤í›„ [http-nio-9010-exec-10] INFO  com.jwlee.spring.service.Impl.FileServiceImpl - auth.md5
2018-5ì›”-15 14:16:06 ì˜¤í›„ [http-nio-9010-exec-10] INFO  com.jwlee.spring.service.Impl.FileServiceImpl - auth.zip
2018-5ì›”-15 14:16:06 ì˜¤í›„ [http-nio-9010-exec-10] INFO  com.jwlee.spring.service.Impl.FileServiceImpl - networking.md5
2018-5ì›”-15 14:16:06 ì˜¤í›„ [http-nio-9010-exec-10] INFO  com.jwlee.spring.service.Impl.FileServiceImpl - networking.zip
2018-5ì›”-15 14:16:06 ì˜¤í›„ [http-nio-9010-exec-10] INFO  com.jwlee.spring.service.Impl.FileServiceImpl - theme.md5
2018-5ì›”-15 14:16:06 ì˜¤í›„ [http-nio-9010-exec-10] INFO  com.jwlee.spring.service.Impl.FileServiceImpl - theme.zip
2018-5ì›”-15 14:16:06 ì˜¤í›„ [http-nio-9010-exec-10] INFO  com.jwlee.spring.service.Impl.FileServiceImpl - wpaconfig.md5
2018-5ì›”-15 14:16:06 ì˜¤í›„ [http-nio-9010-exec-10] INFO  com.jwlee.spring.service.Impl.FileServiceImpl - wpaconfig.zip
2018-5ì›”-15 14:16:23 ì˜¤í›„ [http-nio-9010-exec-1] INFO  com.jwlee.spring.service.Impl.FileServiceImpl - auth.md5
2018-5ì›”-15 14:16:23 ì˜¤í›„ [http-nio-9010-exec-1] INFO  com.jwlee.spring.service.Impl.FileServiceImpl - auth.zip
2018-5ì›”-15 14:16:23 ì˜¤í›„ [http-nio-9010-exec-1] INFO  com.jwlee.spring.service.Impl.FileServiceImpl - networking.md5
2018-5ì›”-15 14:16:23 ì˜¤í›„ [http-nio-9010-exec-1] INFO  com.jwlee.spring.service.Impl.FileServiceImpl - networking.zip
2018-5ì›”-15 14:16:23 ì˜¤í›„ [http-nio-9010-exec-1] INFO  com.jwlee.spring.service.Impl.FileServiceImpl - theme.md5
2018-5ì›”-15 14:16:23 ì˜¤í›„ [http-nio-9010-exec-1] INFO  com.jwlee.spring.service.Impl.FileServiceImpl - theme.zip
2018-5ì›”-15 14:16:23 ì˜¤í›„ [http-nio-9010-exec-1] INFO  com.jwlee.spring.service.Impl.FileServiceImpl - wpaconfig.md5
2018-5ì›”-15 14:16:23 ì˜¤í›„ [http-nio-9010-exec-1] INFO  com.jwlee.spring.service.Impl.FileServiceImpl - wpaconfig.zip
2018-5ì›”-15 14:16:25 ì˜¤í›„ [http-nio-9010-exec-2] INFO  com.jwlee.spring.service.Impl.FileServiceImpl - auth.md5
2018-5ì›”-15 14:16:25 ì˜¤í›„ [http-nio-9010-exec-2] INFO  com.jwlee.spring.service.Impl.FileServiceImpl - auth.zip
2018-5ì›”-15 14:16:25 ì˜¤í›„ [http-nio-9010-exec-2] INFO  com.jwlee.spring.service.Impl.FileServiceImpl - networking.md5
2018-5ì›”-15 14:16:25 ì˜¤í›„ [http-nio-9010-exec-2] INFO  com.jwlee.spring.service.Impl.FileServiceImpl - networking.zip
2018-5ì›”-15 14:16:25 ì˜¤í›„ [http-nio-9010-exec-2] INFO  com.jwlee.spring.service.Impl.FileServiceImpl - theme.md5
2018-5ì›”-15 14:16:25 ì˜¤í›„ [http-nio-9010-exec-2] INFO  com.jwlee.spring.service.Impl.FileServiceImpl - theme.zip
2018-5ì›”-15 14:16:25 ì˜¤í›„ [http-nio-9010-exec-2] INFO  com.jwlee.spring.service.Impl.FileServiceImpl - wpaconfig.md5
2018-5ì›”-15 14:16:25 ì˜¤í›„ [http-nio-9010-exec-2] INFO  com.jwlee.spring.service.Impl.FileServiceImpl - wpaconfig.zip
2018-5ì›”-15 14:16:27 ì˜¤í›„ [http-nio-9010-exec-3] INFO  com.jwlee.spring.service.Impl.FileServiceImpl - auth.md5
2018-5ì›”-15 14:16:27 ì˜¤í›„ [http-nio-9010-exec-3] INFO  com.jwlee.spring.service.Impl.FileServiceImpl - auth.zip
2018-5ì›”-15 14:16:27 ì˜¤í›„ [http-nio-9010-exec-3] INFO  com.jwlee.spring.service.Impl.FileServiceImpl - networking.md5
2018-5ì›”-15 14:16:27 ì˜¤í›„ [http-nio-9010-exec-3] INFO  com.jwlee.spring.service.Impl.FileServiceImpl - networking.zip
2018-5ì›”-15 14:16:27 ì˜¤í›„ [http-nio-9010-exec-3] INFO  com.jwlee.spring.service.Impl.FileServiceImpl - theme.md5
2018-5ì›”-15 14:16:27 ì˜¤í›„ [http-nio-9010-exec-3] INFO  com.jwlee.spring.service.Impl.FileServiceImpl - theme.zip
2018-5ì›”-15 14:16:27 ì˜¤í›„ [http-nio-9010-exec-3] INFO  com.jwlee.spring.service.Impl.FileServiceImpl - wpaconfig.md5
2018-5ì›”-15 14:16:27 ì˜¤í›„ [http-nio-9010-exec-3] INFO  com.jwlee.spring.service.Impl.FileServiceImpl - wpaconfig.zip
2018-5ì›”-15 14:16:30 ì˜¤í›„ [http-nio-9010-exec-4] INFO  com.jwlee.spring.service.Impl.FileServiceImpl - auth.md5
2018-5ì›”-15 14:16:30 ì˜¤í›„ [http-nio-9010-exec-4] INFO  com.jwlee.spring.service.Impl.FileServiceImpl - auth.zip
2018-5ì›”-15 14:16:30 ì˜¤í›„ [http-nio-9010-exec-4] INFO  com.jwlee.spring.service.Impl.FileServiceImpl - networking.md5
2018-5ì›”-15 14:16:30 ì˜¤í›„ [http-nio-9010-exec-4] INFO  com.jwlee.spring.service.Impl.FileServiceImpl - networking.zip
2018-5ì›”-15 14:16:30 ì˜¤í›„ [http-nio-9010-exec-4] INFO  com.jwlee.spring.service.Impl.FileServiceImpl - theme.md5
2018-5ì›”-15 14:16:30 ì˜¤í›„ [http-nio-9010-exec-4] INFO  com.jwlee.spring.service.Impl.FileServiceImpl - theme.zip
2018-5ì›”-15 14:16:30 ì˜¤í›„ [http-nio-9010-exec-4] INFO  com.jwlee.spring.service.Impl.FileServiceImpl - wpaconfig.md5
2018-5ì›”-15 14:16:30 ì˜¤í›„ [http-nio-9010-exec-4] INFO  com.jwlee.spring.service.Impl.FileServiceImpl - wpaconfig.zip
2018-5ì›”-15 14:16:36 ì˜¤í›„ [http-nio-9010-exec-5] INFO  com.jwlee.spring.service.Impl.FileServiceImpl - auth.md5
2018-5ì›”-15 14:16:36 ì˜¤í›„ [http-nio-9010-exec-5] INFO  com.jwlee.spring.service.Impl.FileServiceImpl - auth.zip
2018-5ì›”-15 14:16:36 ì˜¤í›„ [http-nio-9010-exec-5] INFO  com.jwlee.spring.service.Impl.FileServiceImpl - networking.md5
2018-5ì›”-15 14:16:36 ì˜¤í›„ [http-nio-9010-exec-5] INFO  com.jwlee.spring.service.Impl.FileServiceImpl - networking.zip
2018-5ì›”-15 14:16:36 ì˜¤í›„ [http-nio-9010-exec-5] INFO  com.jwlee.spring.service.Impl.FileServiceImpl - theme.md5
2018-5ì›”-15 14:16:36 ì˜¤í›„ [http-nio-9010-exec-5] INFO  com.jwlee.spring.service.Impl.FileServiceImpl - theme.zip
2018-5ì›”-15 14:16:36 ì˜¤í›„ [http-nio-9010-exec-5] INFO  com.jwlee.spring.service.Impl.FileServiceImpl - wpaconfig.md5
2018-5ì›”-15 14:16:36 ì˜¤í›„ [http-nio-9010-exec-5] INFO  com.jwlee.spring.service.Impl.FileServiceImpl - wpaconfig.zip
2018-5ì›”-15 14:17:08 ì˜¤í›„ [http-nio-9010-exec-6] INFO  com.jwlee.spring.service.Impl.FileServiceImpl - auth.md5
2018-5ì›”-15 14:17:08 ì˜¤í›„ [http-nio-9010-exec-6] INFO  com.jwlee.spring.service.Impl.FileServiceImpl - auth.zip
2018-5ì›”-15 14:17:08 ì˜¤í›„ [http-nio-9010-exec-6] INFO  com.jwlee.spring.service.Impl.FileServiceImpl - networking.md5
2018-5ì›”-15 14:17:08 ì˜¤í›„ [http-nio-9010-exec-6] INFO  com.jwlee.spring.service.Impl.FileServiceImpl - networking.zip
2018-5ì›”-15 14:17:08 ì˜¤í›„ [http-nio-9010-exec-6] INFO  com.jwlee.spring.service.Impl.FileServiceImpl - theme.md5
2018-5ì›”-15 14:17:08 ì˜¤í›„ [http-nio-9010-exec-6] INFO  com.jwlee.spring.service.Impl.FileServiceImpl - theme.zip
2018-5ì›”-15 14:17:08 ì˜¤í›„ [http-nio-9010-exec-6] INFO  com.jwlee.spring.service.Impl.FileServiceImpl - wpaconfig.md5
2018-5ì›”-15 14:17:08 ì˜¤í›„ [http-nio-9010-exec-6] INFO  com.jwlee.spring.service.Impl.FileServiceImpl - wpaconfig.zip
2018-5ì›”-15 14:19:02 ì˜¤í›„ [http-nio-9010-exec-7] INFO  com.jwlee.spring.service.Impl.FileServiceImpl - auth.md5
2018-5ì›”-15 14:19:02 ì˜¤í›„ [http-nio-9010-exec-7] INFO  com.jwlee.spring.service.Impl.FileServiceImpl - auth.zip
2018-5ì›”-15 14:19:02 ì˜¤í›„ [http-nio-9010-exec-7] INFO  com.jwlee.spring.service.Impl.FileServiceImpl - networking.md5
2018-5ì›”-15 14:19:02 ì˜¤í›„ [http-nio-9010-exec-7] INFO  com.jwlee.spring.service.Impl.FileServiceImpl - networking.zip
2018-5ì›”-15 14:19:02 ì˜¤í›„ [http-nio-9010-exec-7] INFO  com.jwlee.spring.service.Impl.FileServiceImpl - theme.md5
2018-5ì›”-15 14:19:02 ì˜¤í›„ [http-nio-9010-exec-7] INFO  com.jwlee.spring.service.Impl.FileServiceImpl - theme.zip
2018-5ì›”-15 14:19:02 ì˜¤í›„ [http-nio-9010-exec-7] INFO  com.jwlee.spring.service.Impl.FileServiceImpl - wpaconfig.md5
2018-5ì›”-15 14:19:02 ì˜¤í›„ [http-nio-9010-exec-7] INFO  com.jwlee.spring.service.Impl.FileServiceImpl - wpaconfig.zip
2018-5ì›”-15 14:19:11 ì˜¤í›„ [http-nio-9010-exec-8] INFO  com.jwlee.spring.service.Impl.FileServiceImpl - auth.md5
2018-5ì›”-15 14:19:11 ì˜¤í›„ [http-nio-9010-exec-8] INFO  com.jwlee.spring.service.Impl.FileServiceImpl - auth.zip
2018-5ì›”-15 14:19:11 ì˜¤í›„ [http-nio-9010-exec-8] INFO  com.jwlee.spring.service.Impl.FileServiceImpl - networking.md5
2018-5ì›”-15 14:19:11 ì˜¤í›„ [http-nio-9010-exec-8] INFO  com.jwlee.spring.service.Impl.FileServiceImpl - networking.zip
2018-5ì›”-15 14:19:11 ì˜¤í›„ [http-nio-9010-exec-8] INFO  com.jwlee.spring.service.Impl.FileServiceImpl - theme.md5
2018-5ì›”-15 14:19:11 ì˜¤í›„ [http-nio-9010-exec-8] INFO  com.jwlee.spring.service.Impl.FileServiceImpl - theme.zip
2018-5ì›”-15 14:19:11 ì˜¤í›„ [http-nio-9010-exec-8] INFO  com.jwlee.spring.service.Impl.FileServiceImpl - wpaconfig.md5
2018-5ì›”-15 14:19:11 ì˜¤í›„ [http-nio-9010-exec-8] INFO  com.jwlee.spring.service.Impl.FileServiceImpl - wpaconfig.zip
2018-5ì›”-15 14:19:34 ì˜¤í›„ [http-nio-9010-exec-9] INFO  com.jwlee.spring.service.Impl.FileServiceImpl - auth.md5
2018-5ì›”-15 14:19:34 ì˜¤í›„ [http-nio-9010-exec-9] INFO  com.jwlee.spring.service.Impl.FileServiceImpl - auth.zip
2018-5ì›”-15 14:19:34 ì˜¤í›„ [http-nio-9010-exec-9] INFO  com.jwlee.spring.service.Impl.FileServiceImpl - networking.md5
2018-5ì›”-15 14:19:34 ì˜¤í›„ [http-nio-9010-exec-9] INFO  com.jwlee.spring.service.Impl.FileServiceImpl - networking.zip
2018-5ì›”-15 14:19:34 ì˜¤í›„ [http-nio-9010-exec-9] INFO  com.jwlee.spring.service.Impl.FileServiceImpl - theme.md5
2018-5ì›”-15 14:19:34 ì˜¤í›„ [http-nio-9010-exec-9] INFO  com.jwlee.spring.service.Impl.FileServiceImpl - theme.zip
2018-5ì›”-15 14:19:34 ì˜¤í›„ [http-nio-9010-exec-9] INFO  com.jwlee.spring.service.Impl.FileServiceImpl - wpaconfig.md5
2018-5ì›”-15 14:19:34 ì˜¤í›„ [http-nio-9010-exec-9] INFO  com.jwlee.spring.service.Impl.FileServiceImpl - wpaconfig.zip
2018-5ì›”-15 14:21:56 ì˜¤í›„ [http-nio-9010-exec-10] INFO  com.jwlee.spring.service.Impl.FileServiceImpl - auth.md5
2018-5ì›”-15 14:21:56 ì˜¤í›„ [http-nio-9010-exec-10] INFO  com.jwlee.spring.service.Impl.FileServiceImpl - auth.zip
2018-5ì›”-15 14:21:56 ì˜¤í›„ [http-nio-9010-exec-10] INFO  com.jwlee.spring.service.Impl.FileServiceImpl - networking.md5
2018-5ì›”-15 14:21:56 ì˜¤í›„ [http-nio-9010-exec-10] INFO  com.jwlee.spring.service.Impl.FileServiceImpl - networking.zip
2018-5ì›”-15 14:21:56 ì˜¤í›„ [http-nio-9010-exec-10] INFO  com.jwlee.spring.service.Impl.FileServiceImpl - theme.md5
2018-5ì›”-15 14:21:56 ì˜¤í›„ [http-nio-9010-exec-10] INFO  com.jwlee.spring.service.Impl.FileServiceImpl - theme.zip
2018-5ì›”-15 14:21:56 ì˜¤í›„ [http-nio-9010-exec-10] INFO  com.jwlee.spring.service.Impl.FileServiceImpl - wpaconfig.md5
2018-5ì›”-15 14:21:56 ì˜¤í›„ [http-nio-9010-exec-10] INFO  com.jwlee.spring.service.Impl.FileServiceImpl - wpaconfig.zip
2018-5ì›”-15 14:22:28 ì˜¤í›„ [http-nio-9010-exec-1] INFO  com.jwlee.spring.service.Impl.FileServiceImpl - auth.md5
2018-5ì›”-15 14:22:28 ì˜¤í›„ [http-nio-9010-exec-1] INFO  com.jwlee.spring.service.Impl.FileServiceImpl - auth.zip
2018-5ì›”-15 14:22:28 ì˜¤í›„ [http-nio-9010-exec-1] INFO  com.jwlee.spring.service.Impl.FileServiceImpl - networking.md5
2018-5ì›”-15 14:22:28 ì˜¤í›„ [http-nio-9010-exec-1] INFO  com.jwlee.spring.service.Impl.FileServiceImpl - networking.zip
2018-5ì›”-15 14:22:28 ì˜¤í›„ [http-nio-9010-exec-1] INFO  com.jwlee.spring.service.Impl.FileServiceImpl - theme.md5
2018-5ì›”-15 14:22:28 ì˜¤í›„ [http-nio-9010-exec-1] INFO  com.jwlee.spring.service.Impl.FileServiceImpl - theme.zip
2018-5ì›”-15 14:22:28 ì˜¤í›„ [http-nio-9010-exec-1] INFO  com.jwlee.spring.service.Impl.FileServiceImpl - wpaconfig.md5
2018-5ì›”-15 14:22:28 ì˜¤í›„ [http-nio-9010-exec-1] INFO  com.jwlee.spring.service.Impl.FileServiceImpl - wpaconfig.zip
2018-5ì›”-15 14:22:34 ì˜¤í›„ [http-nio-9010-exec-2] INFO  com.jwlee.spring.service.Impl.FileServiceImpl - auth.md5
2018-5ì›”-15 14:22:34 ì˜¤í›„ [http-nio-9010-exec-2] INFO  com.jwlee.spring.service.Impl.FileServiceImpl - auth.zip
2018-5ì›”-15 14:22:34 ì˜¤í›„ [http-nio-9010-exec-2] INFO  com.jwlee.spring.service.Impl.FileServiceImpl - networking.md5
2018-5ì›”-15 14:22:34 ì˜¤í›„ [http-nio-9010-exec-2] INFO  com.jwlee.spring.service.Impl.FileServiceImpl - networking.zip
2018-5ì›”-15 14:22:34 ì˜¤í›„ [http-nio-9010-exec-2] INFO  com.jwlee.spring.service.Impl.FileServiceImpl - theme.md5
2018-5ì›”-15 14:22:34 ì˜¤í›„ [http-nio-9010-exec-2] INFO  com.jwlee.spring.service.Impl.FileServiceImpl - theme.zip
2018-5ì›”-15 14:22:34 ì˜¤í›„ [http-nio-9010-exec-2] INFO  com.jwlee.spring.service.Impl.FileServiceImpl - wpaconfig.md5
2018-5ì›”-15 14:22:34 ì˜¤í›„ [http-nio-9010-exec-2] INFO  com.jwlee.spring.service.Impl.FileServiceImpl - wpaconfig.zip
2018-5ì›”-15 14:22:36 ì˜¤í›„ [http-nio-9010-exec-3] INFO  com.jwlee.spring.service.Impl.FileServiceImpl - auth.md5
2018-5ì›”-15 14:22:36 ì˜¤í›„ [http-nio-9010-exec-3] INFO  com.jwlee.spring.service.Impl.FileServiceImpl - auth.zip
2018-5ì›”-15 14:22:36 ì˜¤í›„ [http-nio-9010-exec-3] INFO  com.jwlee.spring.service.Impl.FileServiceImpl - networking.md5
2018-5ì›”-15 14:22:36 ì˜¤í›„ [http-nio-9010-exec-3] INFO  com.jwlee.spring.service.Impl.FileServiceImpl - networking.zip
2018-5ì›”-15 14:22:36 ì˜¤í›„ [http-nio-9010-exec-3] INFO  com.jwlee.spring.service.Impl.FileServiceImpl - theme.md5
2018-5ì›”-15 14:22:36 ì˜¤í›„ [http-nio-9010-exec-3] INFO  com.jwlee.spring.service.Impl.FileServiceImpl - theme.zip
2018-5ì›”-15 14:22:36 ì˜¤í›„ [http-nio-9010-exec-3] INFO  com.jwlee.spring.service.Impl.FileServiceImpl - wpaconfig.md5
2018-5ì›”-15 14:22:36 ì˜¤í›„ [http-nio-9010-exec-3] INFO  com.jwlee.spring.service.Impl.FileServiceImpl - wpaconfig.zip
2018-5ì›”-15 14:23:15 ì˜¤í›„ [http-nio-9010-exec-4] INFO  com.jwlee.spring.service.Impl.FileServiceImpl - auth.md5
2018-5ì›”-15 14:23:15 ì˜¤í›„ [http-nio-9010-exec-4] INFO  com.jwlee.spring.service.Impl.FileServiceImpl - auth.zip
2018-5ì›”-15 14:23:15 ì˜¤í›„ [http-nio-9010-exec-4] INFO  com.jwlee.spring.service.Impl.FileServiceImpl - networking.md5
2018-5ì›”-15 14:23:15 ì˜¤í›„ [http-nio-9010-exec-4] INFO  com.jwlee.spring.service.Impl.FileServiceImpl - networking.zip
2018-5ì›”-15 14:23:15 ì˜¤í›„ [http-nio-9010-exec-4] INFO  com.jwlee.spring.service.Impl.FileServiceImpl - theme.md5
2018-5ì›”-15 14:23:15 ì˜¤í›„ [http-nio-9010-exec-4] INFO  com.jwlee.spring.service.Impl.FileServiceImpl - theme.zip
2018-5ì›”-15 14:23:15 ì˜¤í›„ [http-nio-9010-exec-4] INFO  com.jwlee.spring.service.Impl.FileServiceImpl - wpaconfig.md5
2018-5ì›”-15 14:23:15 ì˜¤í›„ [http-nio-9010-exec-4] INFO  com.jwlee.spring.service.Impl.FileServiceImpl - wpaconfig.zip
2018-5ì›”-15 14:23:17 ì˜¤í›„ [http-nio-9010-exec-5] INFO  com.jwlee.spring.service.Impl.FileServiceImpl - auth.md5
2018-5ì›”-15 14:23:17 ì˜¤í›„ [http-nio-9010-exec-5] INFO  com.jwlee.spring.service.Impl.FileServiceImpl - auth.zip
2018-5ì›”-15 14:23:17 ì˜¤í›„ [http-nio-9010-exec-5] INFO  com.jwlee.spring.service.Impl.FileServiceImpl - networking.md5
2018-5ì›”-15 14:23:17 ì˜¤í›„ [http-nio-9010-exec-5] INFO  com.jwlee.spring.service.Impl.FileServiceImpl - networking.zip
2018-5ì›”-15 14:23:17 ì˜¤í›„ [http-nio-9010-exec-5] INFO  com.jwlee.spring.service.Impl.FileServiceImpl - theme.md5
2018-5ì›”-15 14:23:17 ì˜¤í›„ [http-nio-9010-exec-5] INFO  com.jwlee.spring.service.Impl.FileServiceImpl - theme.zip
2018-5ì›”-15 14:23:17 ì˜¤í›„ [http-nio-9010-exec-5] INFO  com.jwlee.spring.service.Impl.FileServiceImpl - wpaconfig.md5
2018-5ì›”-15 14:23:17 ì˜¤í›„ [http-nio-9010-exec-5] INFO  com.jwlee.spring.service.Impl.FileServiceImpl - wpaconfig.zip
2018-5ì›”-15 14:23:33 ì˜¤í›„ [http-nio-9010-exec-6] INFO  com.jwlee.spring.service.Impl.FileServiceImpl - auth.md5
2018-5ì›”-15 14:23:33 ì˜¤í›„ [http-nio-9010-exec-6] INFO  com.jwlee.spring.service.Impl.FileServiceImpl - auth.zip
2018-5ì›”-15 14:23:33 ì˜¤í›„ [http-nio-9010-exec-6] INFO  com.jwlee.spring.service.Impl.FileServiceImpl - networking.md5
2018-5ì›”-15 14:23:33 ì˜¤í›„ [http-nio-9010-exec-6] INFO  com.jwlee.spring.service.Impl.FileServiceImpl - networking.zip
2018-5ì›”-15 14:23:33 ì˜¤í›„ [http-nio-9010-exec-6] INFO  com.jwlee.spring.service.Impl.FileServiceImpl - theme.md5
2018-5ì›”-15 14:23:33 ì˜¤í›„ [http-nio-9010-exec-6] INFO  com.jwlee.spring.service.Impl.FileServiceImpl - theme.zip
2018-5ì›”-15 14:23:33 ì˜¤í›„ [http-nio-9010-exec-6] INFO  com.jwlee.spring.service.Impl.FileServiceImpl - wpaconfig.md5
2018-5ì›”-15 14:23:33 ì˜¤í›„ [http-nio-9010-exec-6] INFO  com.jwlee.spring.service.Impl.FileServiceImpl - wpaconfig.zip
2018-5ì›”-15 14:24:10 ì˜¤í›„ [http-nio-9010-exec-7] INFO  com.jwlee.spring.service.Impl.FileServiceImpl - auth.md5
2018-5ì›”-15 14:24:10 ì˜¤í›„ [http-nio-9010-exec-7] INFO  com.jwlee.spring.service.Impl.FileServiceImpl - auth.zip
2018-5ì›”-15 14:24:10 ì˜¤í›„ [http-nio-9010-exec-7] INFO  com.jwlee.spring.service.Impl.FileServiceImpl - networking.md5
2018-5ì›”-15 14:24:10 ì˜¤í›„ [http-nio-9010-exec-7] INFO  com.jwlee.spring.service.Impl.FileServiceImpl - networking.zip
2018-5ì›”-15 14:24:10 ì˜¤í›„ [http-nio-9010-exec-7] INFO  com.jwlee.spring.service.Impl.FileServiceImpl - theme.md5
2018-5ì›”-15 14:24:10 ì˜¤í›„ [http-nio-9010-exec-7] INFO  com.jwlee.spring.service.Impl.FileServiceImpl - theme.zip
2018-5ì›”-15 14:24:10 ì˜¤í›„ [http-nio-9010-exec-7] INFO  com.jwlee.spring.service.Impl.FileServiceImpl - wpaconfig.md5
2018-5ì›”-15 14:24:10 ì˜¤í›„ [http-nio-9010-exec-7] INFO  com.jwlee.spring.service.Impl.FileServiceImpl - wpaconfig.zip
2018-5ì›”-15 14:24:17 ì˜¤í›„ [http-nio-9010-exec-8] INFO  com.jwlee.spring.service.Impl.FileServiceImpl - auth.md5
2018-5ì›”-15 14:24:17 ì˜¤í›„ [http-nio-9010-exec-8] INFO  com.jwlee.spring.service.Impl.FileServiceImpl - auth.zip
2018-5ì›”-15 14:24:17 ì˜¤í›„ [http-nio-9010-exec-8] INFO  com.jwlee.spring.service.Impl.FileServiceImpl - networking.md5
2018-5ì›”-15 14:24:17 ì˜¤í›„ [http-nio-9010-exec-8] INFO  com.jwlee.spring.service.Impl.FileServiceImpl - networking.zip
2018-5ì›”-15 14:24:17 ì˜¤í›„ [http-nio-9010-exec-8] INFO  com.jwlee.spring.service.Impl.FileServiceImpl - theme.md5
2018-5ì›”-15 14:24:17 ì˜¤í›„ [http-nio-9010-exec-8] INFO  com.jwlee.spring.service.Impl.FileServiceImpl - theme.zip
2018-5ì›”-15 14:24:17 ì˜¤í›„ [http-nio-9010-exec-8] INFO  com.jwlee.spring.service.Impl.FileServiceImpl - wpaconfig.md5
2018-5ì›”-15 14:24:17 ì˜¤í›„ [http-nio-9010-exec-8] INFO  com.jwlee.spring.service.Impl.FileServiceImpl - wpaconfig.zip
2018-5ì›”-15 14:24:49 ì˜¤í›„ [http-nio-9010-exec-9] INFO  com.jwlee.spring.service.Impl.FileServiceImpl - auth.md5
2018-5ì›”-15 14:24:49 ì˜¤í›„ [http-nio-9010-exec-9] INFO  com.jwlee.spring.service.Impl.FileServiceImpl - auth.zip
2018-5ì›”-15 14:24:49 ì˜¤í›„ [http-nio-9010-exec-9] INFO  com.jwlee.spring.service.Impl.FileServiceImpl - networking.md5
2018-5ì›”-15 14:24:49 ì˜¤í›„ [http-nio-9010-exec-9] INFO  com.jwlee.spring.service.Impl.FileServiceImpl - networking.zip
2018-5ì›”-15 14:24:49 ì˜¤í›„ [http-nio-9010-exec-9] INFO  com.jwlee.spring.service.Impl.FileServiceImpl - theme.md5
2018-5ì›”-15 14:24:49 ì˜¤í›„ [http-nio-9010-exec-9] INFO  com.jwlee.spring.service.Impl.FileServiceImpl - theme.zip
2018-5ì›”-15 14:24:49 ì˜¤í›„ [http-nio-9010-exec-9] INFO  com.jwlee.spring.service.Impl.FileServiceImpl - wpaconfig.md5
2018-5ì›”-15 14:24:49 ì˜¤í›„ [http-nio-9010-exec-9] INFO  com.jwlee.spring.service.Impl.FileServiceImpl - wpaconfig.zip
2018-5ì›”-15 14:24:55 ì˜¤í›„ [http-nio-9010-exec-10] INFO  com.jwlee.spring.service.Impl.FileServiceImpl - auth.md5
2018-5ì›”-15 14:24:55 ì˜¤í›„ [http-nio-9010-exec-10] INFO  com.jwlee.spring.service.Impl.FileServiceImpl - auth.zip
2018-5ì›”-15 14:24:55 ì˜¤í›„ [http-nio-9010-exec-10] INFO  com.jwlee.spring.service.Impl.FileServiceImpl - networking.md5
2018-5ì›”-15 14:24:55 ì˜¤í›„ [http-nio-9010-exec-10] INFO  com.jwlee.spring.service.Impl.FileServiceImpl - networking.zip
2018-5ì›”-15 14:24:55 ì˜¤í›„ [http-nio-9010-exec-10] INFO  com.jwlee.spring.service.Impl.FileServiceImpl - theme.md5
2018-5ì›”-15 14:24:55 ì˜¤í›„ [http-nio-9010-exec-10] INFO  com.jwlee.spring.service.Impl.FileServiceImpl - theme.zip
2018-5ì›”-15 14:24:55 ì˜¤í›„ [http-nio-9010-exec-10] INFO  com.jwlee.spring.service.Impl.FileServiceImpl - wpaconfig.md5
2018-5ì›”-15 14:24:55 ì˜¤í›„ [http-nio-9010-exec-10] INFO  com.jwlee.spring.service.Impl.FileServiceImpl - wpaconfig.zip
2018-5ì›”-15 14:25:39 ì˜¤í›„ [http-nio-9010-exec-1] INFO  com.jwlee.spring.service.Impl.FileServiceImpl - auth.md5
2018-5ì›”-15 14:25:39 ì˜¤í›„ [http-nio-9010-exec-1] INFO  com.jwlee.spring.service.Impl.FileServiceImpl - auth.zip
2018-5ì›”-15 14:25:39 ì˜¤í›„ [http-nio-9010-exec-1] INFO  com.jwlee.spring.service.Impl.FileServiceImpl - networking.md5
2018-5ì›”-15 14:25:39 ì˜¤í›„ [http-nio-9010-exec-1] INFO  com.jwlee.spring.service.Impl.FileServiceImpl - networking.zip
2018-5ì›”-15 14:25:39 ì˜¤í›„ [http-nio-9010-exec-1] INFO  com.jwlee.spring.service.Impl.FileServiceImpl - theme.md5
2018-5ì›”-15 14:25:39 ì˜¤í›„ [http-nio-9010-exec-1] INFO  com.jwlee.spring.service.Impl.FileServiceImpl - theme.zip
2018-5ì›”-15 14:25:39 ì˜¤í›„ [http-nio-9010-exec-1] INFO  com.jwlee.spring.service.Impl.FileServiceImpl - wpaconfig.md5
2018-5ì›”-15 14:25:39 ì˜¤í›„ [http-nio-9010-exec-1] INFO  com.jwlee.spring.service.Impl.FileServiceImpl - wpaconfig.zip
2018-5ì›”-15 14:25:51 ì˜¤í›„ [http-nio-9010-exec-2] INFO  com.jwlee.spring.service.Impl.FileServiceImpl - auth.md5
2018-5ì›”-15 14:25:51 ì˜¤í›„ [http-nio-9010-exec-2] INFO  com.jwlee.spring.service.Impl.FileServiceImpl - auth.zip
2018-5ì›”-15 14:25:51 ì˜¤í›„ [http-nio-9010-exec-2] INFO  com.jwlee.spring.service.Impl.FileServiceImpl - networking.md5
2018-5ì›”-15 14:25:51 ì˜¤í›„ [http-nio-9010-exec-2] INFO  com.jwlee.spring.service.Impl.FileServiceImpl - networking.zip
2018-5ì›”-15 14:25:51 ì˜¤í›„ [http-nio-9010-exec-2] INFO  com.jwlee.spring.service.Impl.FileServiceImpl - theme.md5
2018-5ì›”-15 14:25:51 ì˜¤í›„ [http-nio-9010-exec-2] INFO  com.jwlee.spring.service.Impl.FileServiceImpl - theme.zip
2018-5ì›”-15 14:25:51 ì˜¤í›„ [http-nio-9010-exec-2] INFO  com.jwlee.spring.service.Impl.FileServiceImpl - wpaconfig.md5
2018-5ì›”-15 14:25:51 ì˜¤í›„ [http-nio-9010-exec-2] INFO  com.jwlee.spring.service.Impl.FileServiceImpl - wpaconfig.zip
2018-5ì›”-15 14:25:53 ì˜¤í›„ [http-nio-9010-exec-3] INFO  com.jwlee.spring.service.Impl.FileServiceImpl - auth.md5
2018-5ì›”-15 14:25:53 ì˜¤í›„ [http-nio-9010-exec-3] INFO  com.jwlee.spring.service.Impl.FileServiceImpl - auth.zip
2018-5ì›”-15 14:25:53 ì˜¤í›„ [http-nio-9010-exec-3] INFO  com.jwlee.spring.service.Impl.FileServiceImpl - networking.md5
2018-5ì›”-15 14:25:53 ì˜¤í›„ [http-nio-9010-exec-3] INFO  com.jwlee.spring.service.Impl.FileServiceImpl - networking.zip
2018-5ì›”-15 14:25:53 ì˜¤í›„ [http-nio-9010-exec-3] INFO  com.jwlee.spring.service.Impl.FileServiceImpl - theme.md5
2018-5ì›”-15 14:25:53 ì˜¤í›„ [http-nio-9010-exec-3] INFO  com.jwlee.spring.service.Impl.FileServiceImpl - theme.zip
2018-5ì›”-15 14:25:53 ì˜¤í›„ [http-nio-9010-exec-3] INFO  com.jwlee.spring.service.Impl.FileServiceImpl - wpaconfig.md5
2018-5ì›”-15 14:25:53 ì˜¤í›„ [http-nio-9010-exec-3] INFO  com.jwlee.spring.service.Impl.FileServiceImpl - wpaconfig.zip
2018-5ì›”-15 14:25:54 ì˜¤í›„ [http-nio-9010-exec-4] INFO  com.jwlee.spring.service.Impl.FileServiceImpl - auth.md5
2018-5ì›”-15 14:25:54 ì˜¤í›„ [http-nio-9010-exec-4] INFO  com.jwlee.spring.service.Impl.FileServiceImpl - auth.zip
2018-5ì›”-15 14:25:54 ì˜¤í›„ [http-nio-9010-exec-4] INFO  com.jwlee.spring.service.Impl.FileServiceImpl - networking.md5
2018-5ì›”-15 14:25:54 ì˜¤í›„ [http-nio-9010-exec-4] INFO  com.jwlee.spring.service.Impl.FileServiceImpl - networking.zip
2018-5ì›”-15 14:25:54 ì˜¤í›„ [http-nio-9010-exec-4] INFO  com.jwlee.spring.service.Impl.FileServiceImpl - theme.md5
2018-5ì›”-15 14:25:54 ì˜¤í›„ [http-nio-9010-exec-4] INFO  com.jwlee.spring.service.Impl.FileServiceImpl - theme.zip
2018-5ì›”-15 14:25:54 ì˜¤í›„ [http-nio-9010-exec-4] INFO  com.jwlee.spring.service.Impl.FileServiceImpl - wpaconfig.md5
2018-5ì›”-15 14:25:54 ì˜¤í›„ [http-nio-9010-exec-4] INFO  com.jwlee.spring.service.Impl.FileServiceImpl - wpaconfig.zip
2018-5ì›”-15 14:25:54 ì˜¤í›„ [http-nio-9010-exec-5] INFO  com.jwlee.spring.service.Impl.FileServiceImpl - auth.md5
2018-5ì›”-15 14:25:54 ì˜¤í›„ [http-nio-9010-exec-5] INFO  com.jwlee.spring.service.Impl.FileServiceImpl - auth.zip
2018-5ì›”-15 14:25:54 ì˜¤í›„ [http-nio-9010-exec-5] INFO  com.jwlee.spring.service.Impl.FileServiceImpl - networking.md5
2018-5ì›”-15 14:25:54 ì˜¤í›„ [http-nio-9010-exec-5] INFO  com.jwlee.spring.service.Impl.FileServiceImpl - networking.zip
2018-5ì›”-15 14:25:54 ì˜¤í›„ [http-nio-9010-exec-5] INFO  com.jwlee.spring.service.Impl.FileServiceImpl - theme.md5
2018-5ì›”-15 14:25:54 ì˜¤í›„ [http-nio-9010-exec-5] INFO  com.jwlee.spring.service.Impl.FileServiceImpl - theme.zip
2018-5ì›”-15 14:25:54 ì˜¤í›„ [http-nio-9010-exec-5] INFO  com.jwlee.spring.service.Impl.FileServiceImpl - wpaconfig.md5
2018-5ì›”-15 14:25:54 ì˜¤í›„ [http-nio-9010-exec-5] INFO  com.jwlee.spring.service.Impl.FileServiceImpl - wpaconfig.zip
2018-5ì›”-15 14:25:56 ì˜¤í›„ [http-nio-9010-exec-6] INFO  com.jwlee.spring.service.Impl.FileServiceImpl - auth.md5
2018-5ì›”-15 14:25:56 ì˜¤í›„ [http-nio-9010-exec-6] INFO  com.jwlee.spring.service.Impl.FileServiceImpl - auth.zip
2018-5ì›”-15 14:25:56 ì˜¤í›„ [http-nio-9010-exec-6] INFO  com.jwlee.spring.service.Impl.FileServiceImpl - networking.md5
2018-5ì›”-15 14:25:56 ì˜¤í›„ [http-nio-9010-exec-6] INFO  com.jwlee.spring.service.Impl.FileServiceImpl - networking.zip
2018-5ì›”-15 14:25:56 ì˜¤í›„ [http-nio-9010-exec-6] INFO  com.jwlee.spring.service.Impl.FileServiceImpl - theme.md5
2018-5ì›”-15 14:25:56 ì˜¤í›„ [http-nio-9010-exec-6] INFO  com.jwlee.spring.service.Impl.FileServiceImpl - theme.zip
2018-5ì›”-15 14:25:56 ì˜¤í›„ [http-nio-9010-exec-6] INFO  com.jwlee.spring.service.Impl.FileServiceImpl - wpaconfig.md5
2018-5ì›”-15 14:25:56 ì˜¤í›„ [http-nio-9010-exec-6] INFO  com.jwlee.spring.service.Impl.FileServiceImpl - wpaconfig.zip
2018-5ì›”-15 14:26:01 ì˜¤í›„ [http-nio-9010-exec-7] INFO  com.jwlee.spring.service.Impl.FileServiceImpl - auth.md5
2018-5ì›”-15 14:26:01 ì˜¤í›„ [http-nio-9010-exec-7] INFO  com.jwlee.spring.service.Impl.FileServiceImpl - auth.zip
2018-5ì›”-15 14:26:01 ì˜¤í›„ [http-nio-9010-exec-7] INFO  com.jwlee.spring.service.Impl.FileServiceImpl - networking.md5
2018-5ì›”-15 14:26:01 ì˜¤í›„ [http-nio-9010-exec-7] INFO  com.jwlee.spring.service.Impl.FileServiceImpl - networking.zip
2018-5ì›”-15 14:26:01 ì˜¤í›„ [http-nio-9010-exec-7] INFO  com.jwlee.spring.service.Impl.FileServiceImpl - theme.md5
2018-5ì›”-15 14:26:01 ì˜¤í›„ [http-nio-9010-exec-7] INFO  com.jwlee.spring.service.Impl.FileServiceImpl - theme.zip
2018-5ì›”-15 14:26:01 ì˜¤í›„ [http-nio-9010-exec-7] INFO  com.jwlee.spring.service.Impl.FileServiceImpl - wpaconfig.md5
2018-5ì›”-15 14:26:01 ì˜¤í›„ [http-nio-9010-exec-7] INFO  com.jwlee.spring.service.Impl.FileServiceImpl - wpaconfig.zip
2018-5ì›”-15 14:26:39 ì˜¤í›„ [http-nio-9010-exec-8] INFO  com.jwlee.spring.service.Impl.FileServiceImpl - auth.md5
2018-5ì›”-15 14:26:39 ì˜¤í›„ [http-nio-9010-exec-8] INFO  com.jwlee.spring.service.Impl.FileServiceImpl - auth.zip
2018-5ì›”-15 14:26:39 ì˜¤í›„ [http-nio-9010-exec-8] INFO  com.jwlee.spring.service.Impl.FileServiceImpl - networking.md5
2018-5ì›”-15 14:26:39 ì˜¤í›„ [http-nio-9010-exec-8] INFO  com.jwlee.spring.service.Impl.FileServiceImpl - networking.zip
2018-5ì›”-15 14:26:39 ì˜¤í›„ [http-nio-9010-exec-8] INFO  com.jwlee.spring.service.Impl.FileServiceImpl - theme.md5
2018-5ì›”-15 14:26:39 ì˜¤í›„ [http-nio-9010-exec-8] INFO  com.jwlee.spring.service.Impl.FileServiceImpl - theme.zip
2018-5ì›”-15 14:26:39 ì˜¤í›„ [http-nio-9010-exec-8] INFO  com.jwlee.spring.service.Impl.FileServiceImpl - wpaconfig.md5
2018-5ì›”-15 14:26:39 ì˜¤í›„ [http-nio-9010-exec-8] INFO  com.jwlee.spring.service.Impl.FileServiceImpl - wpaconfig.zip
2018-5ì›”-15 14:26:45 ì˜¤í›„ [http-nio-9010-exec-9] INFO  com.jwlee.spring.service.Impl.FileServiceImpl - auth.md5
2018-5ì›”-15 14:26:45 ì˜¤í›„ [http-nio-9010-exec-9] INFO  com.jwlee.spring.service.Impl.FileServiceImpl - auth.zip
2018-5ì›”-15 14:26:45 ì˜¤í›„ [http-nio-9010-exec-9] INFO  com.jwlee.spring.service.Impl.FileServiceImpl - networking.md5
2018-5ì›”-15 14:26:45 ì˜¤í›„ [http-nio-9010-exec-9] INFO  com.jwlee.spring.service.Impl.FileServiceImpl - networking.zip
2018-5ì›”-15 14:26:45 ì˜¤í›„ [http-nio-9010-exec-9] INFO  com.jwlee.spring.service.Impl.FileServiceImpl - theme.md5
2018-5ì›”-15 14:26:45 ì˜¤í›„ [http-nio-9010-exec-9] INFO  com.jwlee.spring.service.Impl.FileServiceImpl - theme.zip
2018-5ì›”-15 14:26:45 ì˜¤í›„ [http-nio-9010-exec-9] INFO  com.jwlee.spring.service.Impl.FileServiceImpl - wpaconfig.md5
2018-5ì›”-15 14:26:45 ì˜¤í›„ [http-nio-9010-exec-9] INFO  com.jwlee.spring.service.Impl.FileServiceImpl - wpaconfig.zip
2018-5ì›”-15 14:26:50 ì˜¤í›„ [http-nio-9010-exec-10] INFO  com.jwlee.spring.service.Impl.FileServiceImpl - auth.md5
2018-5ì›”-15 14:26:50 ì˜¤í›„ [http-nio-9010-exec-10] INFO  com.jwlee.spring.service.Impl.FileServiceImpl - auth.zip
2018-5ì›”-15 14:26:50 ì˜¤í›„ [http-nio-9010-exec-10] INFO  com.jwlee.spring.service.Impl.FileServiceImpl - networking.md5
2018-5ì›”-15 14:26:50 ì˜¤í›„ [http-nio-9010-exec-10] INFO  com.jwlee.spring.service.Impl.FileServiceImpl - networking.zip
2018-5ì›”-15 14:26:50 ì˜¤í›„ [http-nio-9010-exec-10] INFO  com.jwlee.spring.service.Impl.FileServiceImpl - theme.md5
2018-5ì›”-15 14:26:50 ì˜¤í›„ [http-nio-9010-exec-10] INFO  com.jwlee.spring.service.Impl.FileServiceImpl - theme.zip
2018-5ì›”-15 14:26:50 ì˜¤í›„ [http-nio-9010-exec-10] INFO  com.jwlee.spring.service.Impl.FileServiceImpl - wpaconfig.md5
2018-5ì›”-15 14:26:50 ì˜¤í›„ [http-nio-9010-exec-10] INFO  com.jwlee.spring.service.Impl.FileServiceImpl - wpaconfig.zip
2018-5ì›”-15 14:26:59 ì˜¤í›„ [http-nio-9010-exec-1] INFO  com.jwlee.spring.service.Impl.FileServiceImpl - auth.md5
2018-5ì›”-15 14:26:59 ì˜¤í›„ [http-nio-9010-exec-1] INFO  com.jwlee.spring.service.Impl.FileServiceImpl - auth.zip
2018-5ì›”-15 14:26:59 ì˜¤í›„ [http-nio-9010-exec-1] INFO  com.jwlee.spring.service.Impl.FileServiceImpl - networking.md5
2018-5ì›”-15 14:26:59 ì˜¤í›„ [http-nio-9010-exec-1] INFO  com.jwlee.spring.service.Impl.FileServiceImpl - networking.zip
2018-5ì›”-15 14:26:59 ì˜¤í›„ [http-nio-9010-exec-1] INFO  com.jwlee.spring.service.Impl.FileServiceImpl - theme.md5
2018-5ì›”-15 14:26:59 ì˜¤í›„ [http-nio-9010-exec-1] INFO  com.jwlee.spring.service.Impl.FileServiceImpl - theme.zip
2018-5ì›”-15 14:26:59 ì˜¤í›„ [http-nio-9010-exec-1] INFO  com.jwlee.spring.service.Impl.FileServiceImpl - wpaconfig.md5
2018-5ì›”-15 14:26:59 ì˜¤í›„ [http-nio-9010-exec-1] INFO  com.jwlee.spring.service.Impl.FileServiceImpl - wpaconfig.zip
2018-5ì›”-15 14:27:42 ì˜¤í›„ [http-nio-9010-exec-2] INFO  com.jwlee.spring.service.Impl.FileServiceImpl - auth.md5
2018-5ì›”-15 14:27:42 ì˜¤í›„ [http-nio-9010-exec-2] INFO  com.jwlee.spring.service.Impl.FileServiceImpl - auth.zip
2018-5ì›”-15 14:27:42 ì˜¤í›„ [http-nio-9010-exec-2] INFO  com.jwlee.spring.service.Impl.FileServiceImpl - networking.md5
2018-5ì›”-15 14:27:42 ì˜¤í›„ [http-nio-9010-exec-2] INFO  com.jwlee.spring.service.Impl.FileServiceImpl - networking.zip
2018-5ì›”-15 14:27:42 ì˜¤í›„ [http-nio-9010-exec-2] INFO  com.jwlee.spring.service.Impl.FileServiceImpl - theme.md5
2018-5ì›”-15 14:27:42 ì˜¤í›„ [http-nio-9010-exec-2] INFO  com.jwlee.spring.service.Impl.FileServiceImpl - theme.zip
2018-5ì›”-15 14:27:42 ì˜¤í›„ [http-nio-9010-exec-2] INFO  com.jwlee.spring.service.Impl.FileServiceImpl - wpaconfig.md5
2018-5ì›”-15 14:27:42 ì˜¤í›„ [http-nio-9010-exec-2] INFO  com.jwlee.spring.service.Impl.FileServiceImpl - wpaconfig.zip
2018-5ì›”-15 14:59:27 ì˜¤í›„ [http-nio-9010-exec-3] INFO  com.jwlee.spring.service.Impl.FileServiceImpl - auth.md5
2018-5ì›”-15 14:59:27 ì˜¤í›„ [http-nio-9010-exec-3] INFO  com.jwlee.spring.service.Impl.FileServiceImpl - auth.zip
2018-5ì›”-15 14:59:27 ì˜¤í›„ [http-nio-9010-exec-3] INFO  com.jwlee.spring.service.Impl.FileServiceImpl - networking.md5
2018-5ì›”-15 14:59:27 ì˜¤í›„ [http-nio-9010-exec-3] INFO  com.jwlee.spring.service.Impl.FileServiceImpl - networking.zip
2018-5ì›”-15 14:59:27 ì˜¤í›„ [http-nio-9010-exec-3] INFO  com.jwlee.spring.service.Impl.FileServiceImpl - theme.md5
2018-5ì›”-15 14:59:27 ì˜¤í›„ [http-nio-9010-exec-3] INFO  com.jwlee.spring.service.Impl.FileServiceImpl - theme.zip
2018-5ì›”-15 14:59:27 ì˜¤í›„ [http-nio-9010-exec-3] INFO  com.jwlee.spring.service.Impl.FileServiceImpl - wpaconfig.md5
2018-5ì›”-15 14:59:27 ì˜¤í›„ [http-nio-9010-exec-3] INFO  com.jwlee.spring.service.Impl.FileServiceImpl - wpaconfig.zip
2018-5ì›”-15 14:59:28 ì˜¤í›„ [http-nio-9010-exec-4] INFO  com.jwlee.spring.service.Impl.FileServiceImpl - auth.md5
2018-5ì›”-15 14:59:28 ì˜¤í›„ [http-nio-9010-exec-4] INFO  com.jwlee.spring.service.Impl.FileServiceImpl - auth.zip
2018-5ì›”-15 14:59:28 ì˜¤í›„ [http-nio-9010-exec-4] INFO  com.jwlee.spring.service.Impl.FileServiceImpl - networking.md5
2018-5ì›”-15 14:59:28 ì˜¤í›„ [http-nio-9010-exec-4] INFO  com.jwlee.spring.service.Impl.FileServiceImpl - networking.zip
2018-5ì›”-15 14:59:28 ì˜¤í›„ [http-nio-9010-exec-4] INFO  com.jwlee.spring.service.Impl.FileServiceImpl - theme.md5
2018-5ì›”-15 14:59:28 ì˜¤í›„ [http-nio-9010-exec-4] INFO  com.jwlee.spring.service.Impl.FileServiceImpl - theme.zip
2018-5ì›”-15 14:59:28 ì˜¤í›„ [http-nio-9010-exec-4] INFO  com.jwlee.spring.service.Impl.FileServiceImpl - wpaconfig.md5
2018-5ì›”-15 14:59:28 ì˜¤í›„ [http-nio-9010-exec-4] INFO  com.jwlee.spring.service.Impl.FileServiceImpl - wpaconfig.zip
2018-5ì›”-15 14:59:32 ì˜¤í›„ [http-nio-9010-exec-5] INFO  com.jwlee.spring.service.Impl.FileServiceImpl - auth.md5
2018-5ì›”-15 14:59:32 ì˜¤í›„ [http-nio-9010-exec-5] INFO  com.jwlee.spring.service.Impl.FileServiceImpl - auth.zip
2018-5ì›”-15 14:59:32 ì˜¤í›„ [http-nio-9010-exec-5] INFO  com.jwlee.spring.service.Impl.FileServiceImpl - networking.md5
2018-5ì›”-15 14:59:32 ì˜¤í›„ [http-nio-9010-exec-5] INFO  com.jwlee.spring.service.Impl.FileServiceImpl - networking.zip
2018-5ì›”-15 14:59:32 ì˜¤í›„ [http-nio-9010-exec-5] INFO  com.jwlee.spring.service.Impl.FileServiceImpl - theme.md5
2018-5ì›”-15 14:59:32 ì˜¤í›„ [http-nio-9010-exec-5] INFO  com.jwlee.spring.service.Impl.FileServiceImpl - theme.zip
2018-5ì›”-15 14:59:32 ì˜¤í›„ [http-nio-9010-exec-5] INFO  com.jwlee.spring.service.Impl.FileServiceImpl - wpaconfig.md5
2018-5ì›”-15 14:59:32 ì˜¤í›„ [http-nio-9010-exec-5] INFO  com.jwlee.spring.service.Impl.FileServiceImpl - wpaconfig.zip
2018-5ì›”-15 14:59:35 ì˜¤í›„ [http-nio-9010-exec-6] INFO  com.jwlee.spring.service.Impl.FileServiceImpl - auth.md5
2018-5ì›”-15 14:59:35 ì˜¤í›„ [http-nio-9010-exec-6] INFO  com.jwlee.spring.service.Impl.FileServiceImpl - auth.zip
2018-5ì›”-15 14:59:35 ì˜¤í›„ [http-nio-9010-exec-6] INFO  com.jwlee.spring.service.Impl.FileServiceImpl - networking.md5
2018-5ì›”-15 14:59:35 ì˜¤í›„ [http-nio-9010-exec-6] INFO  com.jwlee.spring.service.Impl.FileServiceImpl - networking.zip
2018-5ì›”-15 14:59:35 ì˜¤í›„ [http-nio-9010-exec-6] INFO  com.jwlee.spring.service.Impl.FileServiceImpl - theme.md5
2018-5ì›”-15 14:59:35 ì˜¤í›„ [http-nio-9010-exec-6] INFO  com.jwlee.spring.service.Impl.FileServiceImpl - theme.zip
2018-5ì›”-15 14:59:35 ì˜¤í›„ [http-nio-9010-exec-6] INFO  com.jwlee.spring.service.Impl.FileServiceImpl - wpaconfig.md5
2018-5ì›”-15 14:59:35 ì˜¤í›„ [http-nio-9010-exec-6] INFO  com.jwlee.spring.service.Impl.FileServiceImpl - wpaconfig.zip
2018-5ì›”-15 14:59:36 ì˜¤í›„ [http-nio-9010-exec-7] INFO  com.jwlee.spring.service.Impl.FileServiceImpl - auth.md5
2018-5ì›”-15 14:59:36 ì˜¤í›„ [http-nio-9010-exec-7] INFO  com.jwlee.spring.service.Impl.FileServiceImpl - auth.zip
2018-5ì›”-15 14:59:36 ì˜¤í›„ [http-nio-9010-exec-7] INFO  com.jwlee.spring.service.Impl.FileServiceImpl - networking.md5
2018-5ì›”-15 14:59:36 ì˜¤í›„ [http-nio-9010-exec-7] INFO  com.jwlee.spring.service.Impl.FileServiceImpl - networking.zip
2018-5ì›”-15 14:59:36 ì˜¤í›„ [http-nio-9010-exec-7] INFO  com.jwlee.spring.service.Impl.FileServiceImpl - theme.md5
2018-5ì›”-15 14:59:36 ì˜¤í›„ [http-nio-9010-exec-7] INFO  com.jwlee.spring.service.Impl.FileServiceImpl - theme.zip
2018-5ì›”-15 14:59:36 ì˜¤í›„ [http-nio-9010-exec-7] INFO  com.jwlee.spring.service.Impl.FileServiceImpl - wpaconfig.md5
2018-5ì›”-15 14:59:36 ì˜¤í›„ [http-nio-9010-exec-7] INFO  com.jwlee.spring.service.Impl.FileServiceImpl - wpaconfig.zip
2018-5ì›”-15 14:59:39 ì˜¤í›„ [http-nio-9010-exec-8] INFO  com.jwlee.spring.service.Impl.FileServiceImpl - auth.md5
2018-5ì›”-15 14:59:39 ì˜¤í›„ [http-nio-9010-exec-8] INFO  com.jwlee.spring.service.Impl.FileServiceImpl - auth.zip
2018-5ì›”-15 14:59:39 ì˜¤í›„ [http-nio-9010-exec-8] INFO  com.jwlee.spring.service.Impl.FileServiceImpl - networking.md5
2018-5ì›”-15 14:59:39 ì˜¤í›„ [http-nio-9010-exec-8] INFO  com.jwlee.spring.service.Impl.FileServiceImpl - networking.zip
2018-5ì›”-15 14:59:39 ì˜¤í›„ [http-nio-9010-exec-8] INFO  com.jwlee.spring.service.Impl.FileServiceImpl - theme.md5
2018-5ì›”-15 14:59:39 ì˜¤í›„ [http-nio-9010-exec-8] INFO  com.jwlee.spring.service.Impl.FileServiceImpl - theme.zip
2018-5ì›”-15 14:59:39 ì˜¤í›„ [http-nio-9010-exec-8] INFO  com.jwlee.spring.service.Impl.FileServiceImpl - wpaconfig.md5
2018-5ì›”-15 14:59:39 ì˜¤í›„ [http-nio-9010-exec-8] INFO  com.jwlee.spring.service.Impl.FileServiceImpl - wpaconfig.zip
2018-5ì›”-15 14:59:53 ì˜¤í›„ [http-nio-9010-exec-9] INFO  com.jwlee.spring.service.Impl.FileServiceImpl - auth.md5
2018-5ì›”-15 14:59:53 ì˜¤í›„ [http-nio-9010-exec-9] INFO  com.jwlee.spring.service.Impl.FileServiceImpl - auth.zip
2018-5ì›”-15 14:59:53 ì˜¤í›„ [http-nio-9010-exec-9] INFO  com.jwlee.spring.service.Impl.FileServiceImpl - networking.md5
2018-5ì›”-15 14:59:53 ì˜¤í›„ [http-nio-9010-exec-9] INFO  com.jwlee.spring.service.Impl.FileServiceImpl - networking.zip
2018-5ì›”-15 14:59:53 ì˜¤í›„ [http-nio-9010-exec-9] INFO  com.jwlee.spring.service.Impl.FileServiceImpl - theme.md5
2018-5ì›”-15 14:59:53 ì˜¤í›„ [http-nio-9010-exec-9] INFO  com.jwlee.spring.service.Impl.FileServiceImpl - theme.zip
2018-5ì›”-15 14:59:53 ì˜¤í›„ [http-nio-9010-exec-9] INFO  com.jwlee.spring.service.Impl.FileServiceImpl - wpaconfig.md5
2018-5ì›”-15 14:59:53 ì˜¤í›„ [http-nio-9010-exec-9] INFO  com.jwlee.spring.service.Impl.FileServiceImpl - wpaconfig.zip
2018-5ì›”-15 15:00:06 ì˜¤í›„ [http-nio-9010-exec-10] INFO  com.jwlee.spring.service.Impl.FileServiceImpl - auth.md5
2018-5ì›”-15 15:00:06 ì˜¤í›„ [http-nio-9010-exec-10] INFO  com.jwlee.spring.service.Impl.FileServiceImpl - auth.zip
2018-5ì›”-15 15:00:06 ì˜¤í›„ [http-nio-9010-exec-10] INFO  com.jwlee.spring.service.Impl.FileServiceImpl - networking.md5
2018-5ì›”-15 15:00:06 ì˜¤í›„ [http-nio-9010-exec-10] INFO  com.jwlee.spring.service.Impl.FileServiceImpl - networking.zip
2018-5ì›”-15 15:00:06 ì˜¤í›„ [http-nio-9010-exec-10] INFO  com.jwlee.spring.service.Impl.FileServiceImpl - theme.md5
2018-5ì›”-15 15:00:06 ì˜¤í›„ [http-nio-9010-exec-10] INFO  com.jwlee.spring.service.Impl.FileServiceImpl - theme.zip
2018-5ì›”-15 15:00:06 ì˜¤í›„ [http-nio-9010-exec-10] INFO  com.jwlee.spring.service.Impl.FileServiceImpl - wpaconfig.md5
2018-5ì›”-15 15:00:06 ì˜¤í›„ [http-nio-9010-exec-10] INFO  com.jwlee.spring.service.Impl.FileServiceImpl - wpaconfig.zip
2018-5ì›”-15 15:00:50 ì˜¤í›„ [http-nio-9010-exec-1] INFO  com.jwlee.spring.service.Impl.FileServiceImpl - auth.md5
2018-5ì›”-15 15:00:50 ì˜¤í›„ [http-nio-9010-exec-1] INFO  com.jwlee.spring.service.Impl.FileServiceImpl - auth.zip
2018-5ì›”-15 15:00:50 ì˜¤í›„ [http-nio-9010-exec-1] INFO  com.jwlee.spring.service.Impl.FileServiceImpl - networking.md5
2018-5ì›”-15 15:00:50 ì˜¤í›„ [http-nio-9010-exec-1] INFO  com.jwlee.spring.service.Impl.FileServiceImpl - networking.zip
2018-5ì›”-15 15:00:50 ì˜¤í›„ [http-nio-9010-exec-1] INFO  com.jwlee.spring.service.Impl.FileServiceImpl - theme.md5
2018-5ì›”-15 15:00:50 ì˜¤í›„ [http-nio-9010-exec-1] INFO  com.jwlee.spring.service.Impl.FileServiceImpl - theme.zip
2018-5ì›”-15 15:00:50 ì˜¤í›„ [http-nio-9010-exec-1] INFO  com.jwlee.spring.service.Impl.FileServiceImpl - wpaconfig.md5
2018-5ì›”-15 15:00:50 ì˜¤í›„ [http-nio-9010-exec-1] INFO  com.jwlee.spring.service.Impl.FileServiceImpl - wpaconfig.zip
2018-5ì›”-15 17:02:01 ì˜¤í›„ [http-nio-9010-exec-2] INFO  com.jwlee.spring.service.Impl.FileServiceImpl - auth.md5
2018-5ì›”-15 17:02:01 ì˜¤í›„ [http-nio-9010-exec-2] INFO  com.jwlee.spring.service.Impl.FileServiceImpl - auth.zip
2018-5ì›”-15 17:02:01 ì˜¤í›„ [http-nio-9010-exec-2] INFO  com.jwlee.spring.service.Impl.FileServiceImpl - networking.md5
2018-5ì›”-15 17:02:01 ì˜¤í›„ [http-nio-9010-exec-2] INFO  com.jwlee.spring.service.Impl.FileServiceImpl - networking.zip
2018-5ì›”-15 17:02:01 ì˜¤í›„ [http-nio-9010-exec-2] INFO  com.jwlee.spring.service.Impl.FileServiceImpl - theme.md5
2018-5ì›”-15 17:02:01 ì˜¤í›„ [http-nio-9010-exec-2] INFO  com.jwlee.spring.service.Impl.FileServiceImpl - theme.zip
2018-5ì›”-15 17:02:01 ì˜¤í›„ [http-nio-9010-exec-2] INFO  com.jwlee.spring.service.Impl.FileServiceImpl - wpaconfig.md5
2018-5ì›”-15 17:02:01 ì˜¤í›„ [http-nio-9010-exec-2] INFO  com.jwlee.spring.service.Impl.FileServiceImpl - wpaconfig.zip
2018-5ì›”-15 17:02:03 ì˜¤í›„ [http-nio-9010-exec-3] INFO  com.jwlee.spring.service.Impl.FileServiceImpl - auth.md5
2018-5ì›”-15 17:02:03 ì˜¤í›„ [http-nio-9010-exec-3] INFO  com.jwlee.spring.service.Impl.FileServiceImpl - auth.zip
2018-5ì›”-15 17:02:03 ì˜¤í›„ [http-nio-9010-exec-3] INFO  com.jwlee.spring.service.Impl.FileServiceImpl - networking.md5
2018-5ì›”-15 17:02:03 ì˜¤í›„ [http-nio-9010-exec-3] INFO  com.jwlee.spring.service.Impl.FileServiceImpl - networking.zip
2018-5ì›”-15 17:02:03 ì˜¤í›„ [http-nio-9010-exec-3] INFO  com.jwlee.spring.service.Impl.FileServiceImpl - theme.md5
2018-5ì›”-15 17:02:03 ì˜¤í›„ [http-nio-9010-exec-3] INFO  com.jwlee.spring.service.Impl.FileServiceImpl - theme.zip
2018-5ì›”-15 17:02:03 ì˜¤í›„ [http-nio-9010-exec-3] INFO  com.jwlee.spring.service.Impl.FileServiceImpl - wpaconfig.md5
2018-5ì›”-15 17:02:03 ì˜¤í›„ [http-nio-9010-exec-3] INFO  com.jwlee.spring.service.Impl.FileServiceImpl - wpaconfig.zip
2018-5ì›”-15 17:02:06 ì˜¤í›„ [http-nio-9010-exec-4] INFO  com.jwlee.spring.service.Impl.FileServiceImpl - auth.md5
2018-5ì›”-15 17:02:06 ì˜¤í›„ [http-nio-9010-exec-4] INFO  com.jwlee.spring.service.Impl.FileServiceImpl - auth.zip
2018-5ì›”-15 17:02:06 ì˜¤í›„ [http-nio-9010-exec-4] INFO  com.jwlee.spring.service.Impl.FileServiceImpl - networking.md5
2018-5ì›”-15 17:02:06 ì˜¤í›„ [http-nio-9010-exec-4] INFO  com.jwlee.spring.service.Impl.FileServiceImpl - networking.zip
2018-5ì›”-15 17:02:06 ì˜¤í›„ [http-nio-9010-exec-4] INFO  com.jwlee.spring.service.Impl.FileServiceImpl - theme.md5
2018-5ì›”-15 17:02:06 ì˜¤í›„ [http-nio-9010-exec-4] INFO  com.jwlee.spring.service.Impl.FileServiceImpl - theme.zip
2018-5ì›”-15 17:02:06 ì˜¤í›„ [http-nio-9010-exec-4] INFO  com.jwlee.spring.service.Impl.FileServiceImpl - wpaconfig.md5
2018-5ì›”-15 17:02:06 ì˜¤í›„ [http-nio-9010-exec-4] INFO  com.jwlee.spring.service.Impl.FileServiceImpl - wpaconfig.zip
2018-5ì›”-15 17:02:08 ì˜¤í›„ [http-nio-9010-exec-5] INFO  com.jwlee.spring.service.Impl.FileServiceImpl - auth.md5
2018-5ì›”-15 17:02:08 ì˜¤í›„ [http-nio-9010-exec-5] INFO  com.jwlee.spring.service.Impl.FileServiceImpl - auth.zip
2018-5ì›”-15 17:02:08 ì˜¤í›„ [http-nio-9010-exec-5] INFO  com.jwlee.spring.service.Impl.FileServiceImpl - networking.md5
2018-5ì›”-15 17:02:08 ì˜¤í›„ [http-nio-9010-exec-5] INFO  com.jwlee.spring.service.Impl.FileServiceImpl - networking.zip
2018-5ì›”-15 17:02:08 ì˜¤í›„ [http-nio-9010-exec-5] INFO  com.jwlee.spring.service.Impl.FileServiceImpl - theme.md5
2018-5ì›”-15 17:02:08 ì˜¤í›„ [http-nio-9010-exec-5] INFO  com.jwlee.spring.service.Impl.FileServiceImpl - theme.zip
2018-5ì›”-15 17:02:08 ì˜¤í›„ [http-nio-9010-exec-5] INFO  com.jwlee.spring.service.Impl.FileServiceImpl - wpaconfig.md5
2018-5ì›”-15 17:02:08 ì˜¤í›„ [http-nio-9010-exec-5] INFO  com.jwlee.spring.service.Impl.FileServiceImpl - wpaconfig.zip
2018-5ì›”-15 17:12:54 ì˜¤í›„ [http-nio-9010-exec-6] INFO  com.jwlee.spring.service.Impl.FileServiceImpl - auth.md5
2018-5ì›”-15 17:12:54 ì˜¤í›„ [http-nio-9010-exec-6] INFO  com.jwlee.spring.service.Impl.FileServiceImpl - auth.zip
2018-5ì›”-15 17:12:54 ì˜¤í›„ [http-nio-9010-exec-6] INFO  com.jwlee.spring.service.Impl.FileServiceImpl - networking.md5
2018-5ì›”-15 17:12:54 ì˜¤í›„ [http-nio-9010-exec-6] INFO  com.jwlee.spring.service.Impl.FileServiceImpl - networking.zip
2018-5ì›”-15 17:12:54 ì˜¤í›„ [http-nio-9010-exec-6] INFO  com.jwlee.spring.service.Impl.FileServiceImpl - theme.md5
2018-5ì›”-15 17:12:54 ì˜¤í›„ [http-nio-9010-exec-6] INFO  com.jwlee.spring.service.Impl.FileServiceImpl - theme.zip
2018-5ì›”-15 17:12:54 ì˜¤í›„ [http-nio-9010-exec-6] INFO  com.jwlee.spring.service.Impl.FileServiceImpl - wpaconfig.md5
2018-5ì›”-15 17:12:54 ì˜¤í›„ [http-nio-9010-exec-6] INFO  com.jwlee.spring.service.Impl.FileServiceImpl - wpaconfig.zip
2018-5ì›”-16 13:19:58 ì˜¤í›„ [main] INFO  com.jwlee.spring.PackageManagerApiApplication - Starting PackageManagerApiApplication on jwlee-PC with PID 32812 (C:\Users\lee\Documents\workspace-sts-3.9.2.RELEASE\packageManager-API\target\classes started by lee in C:\Users\lee\Documents\workspace-sts-3.9.2.RELEASE\packageManager-API)
2018-5ì›”-16 13:19:58 ì˜¤í›„ [main] DEBUG com.jwlee.spring.PackageManagerApiApplication - Running with Spring Boot v2.0.2.RELEASE, Spring v5.0.6.RELEASE
2018-5ì›”-16 13:19:58 ì˜¤í›„ [main] INFO  com.jwlee.spring.PackageManagerApiApplication - No active profile set, falling back to default profiles: default
2018-5ì›”-16 13:20:00 ì˜¤í›„ [main] INFO  com.jwlee.spring.PackageManagerApiApplication - Started PackageManagerApiApplication in 2.628 seconds (JVM running for 4.008)
2018-5¿ù-16 13:21:33 ¿ÀÈÄ [main] INFO  com.jwlee.spring.PackageManagerApiApplicationTests - Starting PackageManagerApiApplicationTests on jwlee-PC with PID 9532 (started by lee in C:\Users\lee\Documents\workspace-sts-3.9.2.RELEASE\packageManager-API)
2018-5¿ù-16 13:21:33 ¿ÀÈÄ [main] DEBUG com.jwlee.spring.PackageManagerApiApplicationTests - Running with Spring Boot v2.0.2.RELEASE, Spring v5.0.6.RELEASE
2018-5¿ù-16 13:21:33 ¿ÀÈÄ [main] INFO  com.jwlee.spring.PackageManagerApiApplicationTests - No active profile set, falling back to default profiles: default
2018-5¿ù-16 13:21:36 ¿ÀÈÄ [main] INFO  com.jwlee.spring.PackageManagerApiApplicationTests - Started PackageManagerApiApplicationTests in 3.27 seconds (JVM running for 4.284)
2018-5ì›”-16 13:24:26 ì˜¤í›„ [http-nio-9010-exec-1] INFO  com.jwlee.spring.service.Impl.FileServiceImpl - auth.md5
2018-5ì›”-16 13:24:26 ì˜¤í›„ [http-nio-9010-exec-1] INFO  com.jwlee.spring.service.Impl.FileServiceImpl - auth.zip
2018-5ì›”-16 13:24:26 ì˜¤í›„ [http-nio-9010-exec-1] INFO  com.jwlee.spring.service.Impl.FileServiceImpl - networking.md5
2018-5ì›”-16 13:24:26 ì˜¤í›„ [http-nio-9010-exec-1] INFO  com.jwlee.spring.service.Impl.FileServiceImpl - networking.zip
2018-5ì›”-16 13:24:26 ì˜¤í›„ [http-nio-9010-exec-1] INFO  com.jwlee.spring.service.Impl.FileServiceImpl - theme.md5
2018-5ì›”-16 13:24:26 ì˜¤í›„ [http-nio-9010-exec-1] INFO  com.jwlee.spring.service.Impl.FileServiceImpl - theme.zip
2018-5ì›”-16 13:24:26 ì˜¤í›„ [http-nio-9010-exec-1] INFO  com.jwlee.spring.service.Impl.FileServiceImpl - wpaconfig.md5
2018-5ì›”-16 13:24:26 ì˜¤í›„ [http-nio-9010-exec-1] INFO  com.jwlee.spring.service.Impl.FileServiceImpl - wpaconfig.zip
2018-5ì›”-16 13:24:30 ì˜¤í›„ [http-nio-9010-exec-2] INFO  com.jwlee.spring.service.Impl.FileServiceImpl - auth.md5
2018-5ì›”-16 13:24:30 ì˜¤í›„ [http-nio-9010-exec-2] INFO  com.jwlee.spring.service.Impl.FileServiceImpl - auth.zip
2018-5ì›”-16 13:24:30 ì˜¤í›„ [http-nio-9010-exec-2] INFO  com.jwlee.spring.service.Impl.FileServiceImpl - networking.md5
2018-5ì›”-16 13:24:30 ì˜¤í›„ [http-nio-9010-exec-2] INFO  com.jwlee.spring.service.Impl.FileServiceImpl - networking.zip
2018-5ì›”-16 13:24:30 ì˜¤í›„ [http-nio-9010-exec-2] INFO  com.jwlee.spring.service.Impl.FileServiceImpl - theme.md5
2018-5ì›”-16 13:24:30 ì˜¤í›„ [http-nio-9010-exec-2] INFO  com.jwlee.spring.service.Impl.FileServiceImpl - theme.zip
2018-5ì›”-16 13:24:30 ì˜¤í›„ [http-nio-9010-exec-2] INFO  com.jwlee.spring.service.Impl.FileServiceImpl - wpaconfig.md5
2018-5ì›”-16 13:24:30 ì˜¤í›„ [http-nio-9010-exec-2] INFO  com.jwlee.spring.service.Impl.FileServiceImpl - wpaconfig.zip
2018-5ì›”-16 16:39:18 ì˜¤í›„ [main] INFO  com.jwlee.spring.PackageManagerApiApplication - Starting PackageManagerApiApplication on jwlee-PC with PID 20476 (C:\Users\lee\Documents\workspace-sts-3.9.2.RELEASE\packageManager-API\target\classes started by lee in C:\Users\lee\Documents\workspace-sts-3.9.2.RELEASE\packageManager-API)
2018-5ì›”-16 16:39:18 ì˜¤í›„ [main] DEBUG com.jwlee.spring.PackageManagerApiApplication - Running with Spring Boot v2.0.2.RELEASE, Spring v5.0.6.RELEASE
2018-5ì›”-16 16:39:18 ì˜¤í›„ [main] INFO  com.jwlee.spring.PackageManagerApiApplication - No active profile set, falling back to default profiles: default
2018-5ì›”-16 16:39:20 ì˜¤í›„ [main] INFO  com.jwlee.spring.PackageManagerApiApplication - Started PackageManagerApiApplication in 2.83 seconds (JVM running for 4.083)
2018-5ì›”-16 16:39:40 ì˜¤í›„ [http-nio-9010-exec-1] INFO  com.jwlee.spring.service.Impl.FileServiceImpl - auth.md5
2018-5ì›”-16 16:39:40 ì˜¤í›„ [http-nio-9010-exec-1] INFO  com.jwlee.spring.service.Impl.FileServiceImpl - auth.zip
2018-5ì›”-16 16:39:40 ì˜¤í›„ [http-nio-9010-exec-1] INFO  com.jwlee.spring.service.Impl.FileServiceImpl - networking.md5
2018-5ì›”-16 16:39:40 ì˜¤í›„ [http-nio-9010-exec-1] INFO  com.jwlee.spring.service.Impl.FileServiceImpl - networking.zip
2018-5ì›”-16 16:39:40 ì˜¤í›„ [http-nio-9010-exec-1] INFO  com.jwlee.spring.service.Impl.FileServiceImpl - theme.md5
2018-5ì›”-16 16:39:40 ì˜¤í›„ [http-nio-9010-exec-1] INFO  com.jwlee.spring.service.Impl.FileServiceImpl - theme.zip
2018-5ì›”-16 16:39:40 ì˜¤í›„ [http-nio-9010-exec-1] INFO  com.jwlee.spring.service.Impl.FileServiceImpl - wpaconfig.md5
2018-5ì›”-16 16:39:40 ì˜¤í›„ [http-nio-9010-exec-1] INFO  com.jwlee.spring.service.Impl.FileServiceImpl - wpaconfig.zip
2018-5ì›”-16 16:44:56 ì˜¤í›„ [http-nio-9010-exec-5] INFO  com.jwlee.spring.service.Impl.FileServiceImpl - auth.md5
2018-5ì›”-16 16:44:56 ì˜¤í›„ [http-nio-9010-exec-5] INFO  com.jwlee.spring.service.Impl.FileServiceImpl - auth.zip
2018-5ì›”-16 16:44:56 ì˜¤í›„ [http-nio-9010-exec-5] INFO  com.jwlee.spring.service.Impl.FileServiceImpl - networking.md5
2018-5ì›”-16 16:44:56 ì˜¤í›„ [http-nio-9010-exec-5] INFO  com.jwlee.spring.service.Impl.FileServiceImpl - networking.zip
2018-5ì›”-16 16:44:56 ì˜¤í›„ [http-nio-9010-exec-5] INFO  com.jwlee.spring.service.Impl.FileServiceImpl - theme.md5
2018-5ì›”-16 16:44:56 ì˜¤í›„ [http-nio-9010-exec-5] INFO  com.jwlee.spring.service.Impl.FileServiceImpl - theme.zip
2018-5ì›”-16 16:44:56 ì˜¤í›„ [http-nio-9010-exec-5] INFO  com.jwlee.spring.service.Impl.FileServiceImpl - wpaconfig.md5
2018-5ì›”-16 16:44:56 ì˜¤í›„ [http-nio-9010-exec-5] INFO  com.jwlee.spring.service.Impl.FileServiceImpl - wpaconfig.zip
2018-5ì›”-16 17:08:17 ì˜¤í›„ [http-nio-9010-exec-9] INFO  com.jwlee.spring.service.Impl.FileServiceImpl - auth.md5
2018-5ì›”-16 17:08:17 ì˜¤í›„ [http-nio-9010-exec-9] INFO  com.jwlee.spring.service.Impl.FileServiceImpl - auth.zip
2018-5ì›”-16 17:08:17 ì˜¤í›„ [http-nio-9010-exec-9] INFO  com.jwlee.spring.service.Impl.FileServiceImpl - networking.md5
2018-5ì›”-16 17:08:17 ì˜¤í›„ [http-nio-9010-exec-9] INFO  com.jwlee.spring.service.Impl.FileServiceImpl - networking.zip
2018-5ì›”-16 17:08:17 ì˜¤í›„ [http-nio-9010-exec-9] INFO  com.jwlee.spring.service.Impl.FileServiceImpl - theme.md5
2018-5ì›”-16 17:08:17 ì˜¤í›„ [http-nio-9010-exec-9] INFO  com.jwlee.spring.service.Impl.FileServiceImpl - theme.zip
2018-5ì›”-16 17:08:17 ì˜¤í›„ [http-nio-9010-exec-9] INFO  com.jwlee.spring.service.Impl.FileServiceImpl - wpaconfig.md5
2018-5ì›”-16 17:08:17 ì˜¤í›„ [http-nio-9010-exec-9] INFO  com.jwlee.spring.service.Impl.FileServiceImpl - wpaconfig.zip
2018-5ì›”-16 17:08:23 ì˜¤í›„ [http-nio-9010-exec-10] INFO  com.jwlee.spring.service.Impl.FileServiceImpl - .zip íŒŒì¼ í˜•ì‹ì´ ì•„ë‹™ë‹ˆë‹¤.
2018-5ì›”-16 17:08:25 ì˜¤í›„ [http-nio-9010-exec-1] INFO  com.jwlee.spring.service.Impl.FileServiceImpl - .zip íŒŒì¼ í˜•ì‹ì´ ì•„ë‹™ë‹ˆë‹¤.
2018-5ì›”-16 17:09:08 ì˜¤í›„ [http-nio-9010-exec-2] INFO  com.jwlee.spring.service.Impl.FileServiceImpl - ì‹¤ì œ íŒŒì¼ ì´ë¦„ : networking.zip
2018-5ì›”-16 17:09:08 ì˜¤í›„ [http-nio-9010-exec-2] INFO  com.jwlee.spring.service.Impl.FileServiceImpl - MD5Code : be507ac660c40351deeb7165996479a3
2018-5ì›”-16 17:09:08 ì˜¤í›„ [http-nio-9010-exec-2] INFO  com.jwlee.spring.service.Impl.FileServiceImpl - MD5 ì €ì¥ ì™„ë£Œ
2018-6ì›”-04 11:23:03 ì˜¤ì „ [main] INFO  com.jwlee.spring.PackageManagerApiApplication - Starting PackageManagerApiApplication on jwlee-PC with PID 8124 (C:\Users\lee\Documents\workspace-sts-3.9.2.RELEASE\packageManager-API\target\classes started by lee in C:\Users\lee\Documents\workspace-sts-3.9.2.RELEASE\packageManager-API)
2018-6ì›”-04 11:23:03 ì˜¤ì „ [main] DEBUG com.jwlee.spring.PackageManagerApiApplication - Running with Spring Boot v2.0.2.RELEASE, Spring v5.0.6.RELEASE
2018-6ì›”-04 11:23:03 ì˜¤ì „ [main] INFO  com.jwlee.spring.PackageManagerApiApplication - No active profile set, falling back to default profiles: default
2018-6ì›”-04 11:23:06 ì˜¤ì „ [main] INFO  com.jwlee.spring.PackageManagerApiApplication - Started PackageManagerApiApplication in 3.115 seconds (JVM running for 4.153)
2018-6ì›”-04 11:38:02 ì˜¤ì „ [main] INFO  com.jwlee.spring.PackageManagerApiApplication - Starting PackageManagerApiApplication on jwlee-PC with PID 5084 (C:\Users\lee\Documents\workspace-sts-3.9.2.RELEASE\packageManager-API\target\classes started by lee in C:\Users\lee\Documents\workspace-sts-3.9.2.RELEASE\packageManager-API)
2018-6ì›”-04 11:38:02 ì˜¤ì „ [main] DEBUG com.jwlee.spring.PackageManagerApiApplication - Running with Spring Boot v2.0.2.RELEASE, Spring v5.0.6.RELEASE
2018-6ì›”-04 11:38:02 ì˜¤ì „ [main] INFO  com.jwlee.spring.PackageManagerApiApplication - No active profile set, falling back to default profiles: default
2018-6ì›”-04 11:38:05 ì˜¤ì „ [main] INFO  com.jwlee.spring.PackageManagerApiApplication - Started PackageManagerApiApplication in 2.388 seconds (JVM running for 3.012)
2018-6ì›”-04 11:38:25 ì˜¤ì „ [main] INFO  com.jwlee.spring.PackageManagerApiApplication - Starting PackageManagerApiApplication on jwlee-PC with PID 8352 (C:\Users\lee\Documents\workspace-sts-3.9.2.RELEASE\packageManager-API\target\classes started by lee in C:\Users\lee\Documents\workspace-sts-3.9.2.RELEASE\packageManager-API)
2018-6ì›”-04 11:38:25 ì˜¤ì „ [main] DEBUG com.jwlee.spring.PackageManagerApiApplication - Running with Spring Boot v2.0.2.RELEASE, Spring v5.0.6.RELEASE
2018-6ì›”-04 11:38:25 ì˜¤ì „ [main] INFO  com.jwlee.spring.PackageManagerApiApplication - No active profile set, falling back to default profiles: default
2018-6ì›”-04 11:38:28 ì˜¤ì „ [main] INFO  com.jwlee.spring.PackageManagerApiApplication - Started PackageManagerApiApplication in 2.363 seconds (JVM running for 3.014)
2018-7ì›”-13 09:55:18 ì˜¤ì „ [main] INFO  com.jwlee.spring.PackageManagerApiApplication - Starting PackageManagerApiApplication on jwlee-PC with PID 6504 (C:\Users\lee\Documents\workspace-sts-3.9.2.RELEASE\packageManager-API\target\classes started by lee in C:\Users\lee\Documents\workspace-sts-3.9.2.RELEASE\packageManager-API)
2018-7ì›”-13 09:55:18 ì˜¤ì „ [main] DEBUG com.jwlee.spring.PackageManagerApiApplication - Running with Spring Boot v2.0.2.RELEASE, Spring v5.0.6.RELEASE
2018-7ì›”-13 09:55:18 ì˜¤ì „ [main] INFO  com.jwlee.spring.PackageManagerApiApplication - No active profile set, falling back to default profiles: default
2018-7ì›”-13 09:55:21 ì˜¤ì „ [main] INFO  com.jwlee.spring.PackageManagerApiApplication - Started PackageManagerApiApplication in 2.66 seconds (JVM running for 3.439)
2018-7ì›”-13 14:03:10 ì˜¤í›„ [main] INFO  com.jwlee.spring.PackageManagerApiApplication - Starting PackageManagerApiApplication on jwlee-PC with PID 15976 (C:\Users\lee\Documents\workspace-sts-3.9.2.RELEASE\packageManager-API\target\classes started by lee in C:\Users\lee\Documents\workspace-sts-3.9.2.RELEASE\packageManager-API)
2018-7ì›”-13 14:03:10 ì˜¤í›„ [main] DEBUG com.jwlee.spring.PackageManagerApiApplication - Running with Spring Boot v2.0.2.RELEASE, Spring v5.0.6.RELEASE
2018-7ì›”-13 14:03:10 ì˜¤í›„ [main] INFO  com.jwlee.spring.PackageManagerApiApplication - No active profile set, falling back to default profiles: default
2018-7ì›”-13 14:03:12 ì˜¤í›„ [main] INFO  com.jwlee.spring.PackageManagerApiApplication - Started PackageManagerApiApplication in 2.344 seconds (JVM running for 3.505)
2018-7ì›”-16 10:34:01 ì˜¤ì „ [main] INFO  com.jwlee.spring.PackageManagerApiApplication - Starting PackageManagerApiApplication on jwlee-PC with PID 8968 (C:\Users\lee\Documents\workspace-sts-3.9.2.RELEASE\packageManager-API\target\classes started by lee in C:\Users\lee\Documents\workspace-sts-3.9.2.RELEASE\packageManager-API)
2018-7ì›”-16 10:34:01 ì˜¤ì „ [main] DEBUG com.jwlee.spring.PackageManagerApiApplication - Running with Spring Boot v2.0.2.RELEASE, Spring v5.0.6.RELEASE
2018-7ì›”-16 10:34:01 ì˜¤ì „ [main] INFO  com.jwlee.spring.PackageManagerApiApplication - No active profile set, falling back to default profiles: default
2018-7ì›”-16 10:34:03 ì˜¤ì „ [main] INFO  com.jwlee.spring.PackageManagerApiApplication - Started PackageManagerApiApplication in 2.643 seconds (JVM running for 3.843)
2018-7ì›”-16 13:36:32 ì˜¤í›„ [main] INFO  com.jwlee.spring.PackageManagerApiApplication - Starting PackageManagerApiApplication on jwlee-PC with PID 10804 (C:\Users\lee\Documents\workspace-sts-3.9.2.RELEASE\packageManager-API\target\classes started by lee in C:\Users\lee\Documents\workspace-sts-3.9.2.RELEASE\packageManager-API)
2018-7ì›”-16 13:36:32 ì˜¤í›„ [main] DEBUG com.jwlee.spring.PackageManagerApiApplication - Running with Spring Boot v2.0.2.RELEASE, Spring v5.0.6.RELEASE
2018-7ì›”-16 13:36:32 ì˜¤í›„ [main] INFO  com.jwlee.spring.PackageManagerApiApplication - No active profile set, falling back to default profiles: default
2018-7ì›”-16 13:36:34 ì˜¤í›„ [main] INFO  com.jwlee.spring.PackageManagerApiApplication - Starting PackageManagerApiApplication on jwlee-PC with PID 6136 (C:\Users\lee\Documents\workspace-sts-3.9.2.RELEASE\packageManager-API\target\classes started by lee in C:\Users\lee\Documents\workspace-sts-3.9.2.RELEASE\packageManager-API)
2018-7ì›”-16 13:36:34 ì˜¤í›„ [main] DEBUG com.jwlee.spring.PackageManagerApiApplication - Running with Spring Boot v2.0.2.RELEASE, Spring v5.0.6.RELEASE
2018-7ì›”-16 13:36:34 ì˜¤í›„ [main] INFO  com.jwlee.spring.PackageManagerApiApplication - No active profile set, falling back to default profiles: default
2018-7ì›”-16 13:36:37 ì˜¤í›„ [main] INFO  com.jwlee.spring.PackageManagerApiApplication - Started PackageManagerApiApplication in 2.418 seconds (JVM running for 3.024)
